2025-12-02 08:53:07,627 - INFO - Starting WeWork documentation crawler...
2025-12-02 08:53:07,627 - INFO - Extracting categories from https://developer.work.weixin.qq.com/document/path/90195
2025-12-02 08:53:09,418 - INFO - Found 4275 categories
2025-12-02 08:53:10,893 - INFO - Skipping 简易教程 (already up-to-date)
2025-12-02 08:53:10,893 - INFO - Skipping 概述 (already up-to-date)
2025-12-02 08:53:10,893 - INFO - Skipping 概述 (already up-to-date)
2025-12-02 08:53:10,893 - INFO - Skipping 创建成员 (already up-to-date)
2025-12-02 08:53:10,894 - INFO - Skipping 读取成员 (already up-to-date)
2025-12-02 08:53:10,894 - INFO - Skipping 更新成员 (already up-to-date)
2025-12-02 08:53:10,894 - INFO - Skipping 删除成员 (already up-to-date)
2025-12-02 08:53:10,894 - INFO - Skipping 批量删除成员 (already up-to-date)
2025-12-02 08:53:10,894 - INFO - Skipping 获取部门成员 (already up-to-date)
2025-12-02 08:53:10,895 - INFO - Skipping 获取部门成员详情 (already up-to-date)
2025-12-02 08:53:10,895 - INFO - Skipping userid与openid互换 (already up-to-date)
2025-12-02 08:53:10,895 - INFO - Skipping 登录二次验证 (already up-to-date)
2025-12-02 08:53:10,895 - INFO - Skipping 邀请成员 (already up-to-date)
2025-12-02 08:53:10,895 - INFO - Skipping 获取加入企业二维码 (already up-to-date)
2025-12-02 08:53:10,895 - INFO - Skipping 手机号获取userid (already up-to-date)
2025-12-02 08:53:10,896 - INFO - Skipping 邮箱获取userid (already up-to-date)
2025-12-02 08:53:10,896 - INFO - Skipping 获取成员ID列表 (already up-to-date)
2025-12-02 08:53:10,896 - INFO - Skipping 成员扩展属性 (already up-to-date)
2025-12-02 08:53:10,896 - INFO - Skipping 创建部门 (already up-to-date)
2025-12-02 08:53:10,896 - INFO - Skipping 更新部门 (already up-to-date)
2025-12-02 08:53:10,896 - INFO - Skipping 删除部门 (already up-to-date)
2025-12-02 08:53:10,897 - INFO - Skipping 获取部门列表 (already up-to-date)
2025-12-02 08:53:10,897 - INFO - Skipping 获取子部门ID列表 (already up-to-date)
2025-12-02 08:53:10,897 - INFO - Skipping 获取单个部门详情 (already up-to-date)
2025-12-02 08:53:10,897 - INFO - Skipping 创建标签 (already up-to-date)
2025-12-02 08:53:10,897 - INFO - Skipping 更新标签名字 (already up-to-date)
2025-12-02 08:53:10,897 - INFO - Skipping 删除标签 (already up-to-date)
2025-12-02 08:53:10,898 - INFO - Skipping 获取标签成员 (already up-to-date)
2025-12-02 08:53:10,898 - INFO - Skipping 增加标签成员 (already up-to-date)
2025-12-02 08:53:10,898 - INFO - Skipping 删除标签成员 (already up-to-date)
2025-12-02 08:53:10,898 - INFO - Skipping 获取标签列表 (already up-to-date)
2025-12-02 08:53:10,898 - INFO - Skipping 概述 (already up-to-date)
2025-12-02 08:53:10,898 - INFO - Skipping 成员变更通知 (already up-to-date)
2025-12-02 08:53:10,899 - INFO - Skipping 部门变更通知 (already up-to-date)
2025-12-02 08:53:10,899 - INFO - Skipping 标签变更通知 (already up-to-date)
2025-12-02 08:53:10,899 - INFO - Skipping 异步任务完成通知 (already up-to-date)
2025-12-02 08:53:10,899 - INFO - Skipping 概述 (already up-to-date)
2025-12-02 08:53:10,899 - INFO - Skipping 增量更新成员 (already up-to-date)
2025-12-02 08:53:10,900 - INFO - Skipping 全量覆盖成员 (already up-to-date)
2025-12-02 08:53:10,900 - INFO - Skipping 全量覆盖部门 (already up-to-date)
2025-12-02 08:53:10,900 - INFO - Skipping 获取异步任务结果 (already up-to-date)
2025-12-02 08:53:10,900 - INFO - Skipping 导出成员 (already up-to-date)
2025-12-02 08:53:10,900 - INFO - Skipping 概述 (already up-to-date)
2025-12-02 08:53:10,900 - INFO - Skipping 导出成员详情 (already up-to-date)
2025-12-02 08:53:10,901 - INFO - Skipping 导出部门 (already up-to-date)
2025-12-02 08:53:10,901 - INFO - Skipping 导出标签成员 (already up-to-date)
2025-12-02 08:53:10,901 - INFO - Skipping 获取导出结果 (already up-to-date)
2025-12-02 08:53:10,901 - INFO - Skipping 导出任务完成通知 (already up-to-date)
2025-12-02 08:53:10,901 - INFO - Skipping 通讯录同步接口调整 (already up-to-date)
2025-12-02 08:53:10,901 - INFO - Skipping 概述 (already up-to-date)
2025-12-02 08:53:10,902 - INFO - Skipping 获取应用 (already up-to-date)
2025-12-02 08:53:10,902 - INFO - Skipping 设置应用 (already up-to-date)
2025-12-02 08:53:10,902 - INFO - Skipping 创建菜单 (already up-to-date)
2025-12-02 08:53:10,902 - INFO - Skipping 获取菜单 (already up-to-date)
2025-12-02 08:53:10,902 - INFO - Skipping 删除菜单 (already up-to-date)
2025-12-02 08:53:10,902 - INFO - Skipping 设置工作台自定义展示 (already up-to-date)
2025-12-02 08:53:10,902 - INFO - Skipping 概述 (already up-to-date)
2025-12-02 08:53:10,903 - INFO - Skipping 发送应用消息 (already up-to-date)
2025-12-02 08:53:10,903 - INFO - Skipping 概述 (already up-to-date)
2025-12-02 08:53:10,904 - INFO - Skipping 消息格式 (already up-to-date)
2025-12-02 08:53:10,904 - INFO - Skipping 事件格式 (already up-to-date)
2025-12-02 08:53:10,904 - INFO - Skipping 被动回复消息格式 (already up-to-date)
2025-12-02 08:53:10,904 - INFO - Skipping 概述 (already up-to-date)
2025-12-02 08:53:10,904 - INFO - Skipping 创建群聊会话 (already up-to-date)
2025-12-02 08:53:10,905 - INFO - Skipping 应用推送消息 (already up-to-date)
2025-12-02 08:53:10,905 - INFO - Skipping 修改群聊会话 (already up-to-date)
2025-12-02 08:53:10,905 - INFO - Skipping 获取群聊会话 (already up-to-date)
2025-12-02 08:53:10,905 - INFO - Skipping 发送「学校通知」 (already up-to-date)
2025-12-02 08:53:10,905 - INFO - Skipping 撤回应用消息 (already up-to-date)
2025-12-02 08:53:10,906 - INFO - Skipping 更新模版卡片消息 (already up-to-date)
2025-12-02 08:53:10,906 - INFO - Skipping 消息推送配置说明 (already up-to-date)
2025-12-02 08:53:10,906 - INFO - Skipping 接收消息 (already up-to-date)
2025-12-02 08:53:10,907 - INFO - Skipping 接收事件 (already up-to-date)
2025-12-02 08:53:10,907 - INFO - Skipping 被动回复消息 (already up-to-date)
2025-12-02 08:53:10,907 - INFO - Skipping 模板卡片类型 (already up-to-date)
2025-12-02 08:53:10,907 - INFO - Skipping 回调和回复的加解密方案 (already up-to-date)
2025-12-02 08:53:10,907 - INFO - Skipping 概述 (already up-to-date)
2025-12-02 08:53:10,908 - INFO - Skipping 主动回复消息 (already up-to-date)
2025-12-02 08:53:10,908 - INFO - Skipping 获取群聊列表 (already up-to-date)
2025-12-02 08:53:10,908 - INFO - Skipping 获取群聊会话 (already up-to-date)
2025-12-02 08:53:10,908 - INFO - Skipping 修改群聊会话 (already up-to-date)
2025-12-02 08:53:10,908 - INFO - Skipping 上传临时素材 (already up-to-date)
2025-12-02 08:53:10,908 - INFO - Skipping 获取临时素材 (already up-to-date)
2025-12-02 08:53:10,909 - INFO - Skipping 获取高清语音素材 (already up-to-date)
2025-12-02 08:53:10,909 - INFO - Skipping 上传图片 (already up-to-date)
2025-12-02 08:53:10,909 - INFO - Skipping 概述 (already up-to-date)
2025-12-02 08:53:10,909 - INFO - Skipping 异步上传临时素材 (already up-to-date)
2025-12-02 08:53:10,909 - INFO - Skipping 构造网页授权链接 (already up-to-date)
2025-12-02 08:53:10,910 - INFO - Skipping 获取访问用户身份 (already up-to-date)
2025-12-02 08:53:10,910 - INFO - Skipping 开始开发 (already up-to-date)
2025-12-02 08:53:10,910 - INFO - Skipping 获取访问用户敏感信息 (already up-to-date)
2025-12-02 08:53:10,910 - INFO - Skipping 开始开发 (already up-to-date)
2025-12-02 08:53:10,910 - INFO - Skipping Web登录组件 (already up-to-date)
2025-12-02 08:53:10,910 - INFO - Skipping 获取用户登录身份 (already up-to-date)
2025-12-02 08:53:10,911 - INFO - Skipping 获取用户二次验证信息 (already up-to-date)
2025-12-02 08:53:10,911 - INFO - Skipping 使用二次验证 (already up-to-date)
2025-12-02 08:53:10,911 - INFO - Skipping 概述 (already up-to-date)
2025-12-02 08:53:10,911 - INFO - Skipping 登录二次验证 (already up-to-date)
2025-12-02 08:53:10,911 - INFO - Skipping 获取打卡记录数据 (already up-to-date)
2025-12-02 08:53:10,912 - INFO - Skipping 获取员工打卡规则 (already up-to-date)
2025-12-02 08:53:10,912 - INFO - Skipping 获取打卡日报数据 (already up-to-date)
2025-12-02 08:53:10,912 - INFO - Skipping 录入打卡人员人脸信息 (already up-to-date)
2025-12-02 08:53:10,912 - INFO - Skipping 获取打卡人员排班信息 (already up-to-date)
2025-12-02 08:53:10,912 - INFO - Skipping 获取企业所有打卡规则 (already up-to-date)
2025-12-02 08:53:10,913 - INFO - Skipping 为打卡人员排班 (already up-to-date)
2025-12-02 08:53:10,913 - INFO - Skipping 获取打卡月报数据 (already up-to-date)
2025-12-02 08:53:10,913 - INFO - Skipping 获取设备打卡数据 (already up-to-date)
2025-12-02 08:53:10,913 - INFO - Skipping 为打卡人员补卡 (already up-to-date)
2025-12-02 08:53:10,914 - INFO - Skipping 管理打卡规则 (already up-to-date)
2025-12-02 08:53:10,914 - INFO - Skipping 添加打卡记录 (already up-to-date)
2025-12-02 08:53:10,914 - INFO - Skipping 审批流程引擎 (already up-to-date)
2025-12-02 08:53:10,914 - INFO - Skipping 获取审批数据（旧） (already up-to-date)
2025-12-02 08:53:10,914 - INFO - Skipping 审批申请状态变化回调通知 (already up-to-date)
2025-12-02 08:53:10,915 - INFO - Skipping 批量获取审批单号 (already up-to-date)
2025-12-02 08:53:10,915 - INFO - Skipping 提交审批申请 (already up-to-date)
2025-12-02 08:53:10,915 - INFO - Skipping 概述 (already up-to-date)
2025-12-02 08:53:10,915 - INFO - Skipping 获取审批模板详情 (already up-to-date)
2025-12-02 08:53:10,916 - INFO - Skipping 获取审批申请详情 (already up-to-date)
2025-12-02 08:53:10,916 - INFO - Skipping 获取企业假期管理配置 (already up-to-date)
2025-12-02 08:53:10,916 - INFO - Skipping 获取成员假期余额 (already up-to-date)
2025-12-02 08:53:10,916 - INFO - Skipping 修改成员假期余额 (already up-to-date)
2025-12-02 08:53:10,916 - INFO - Skipping 创建审批模板 (already up-to-date)
2025-12-02 08:53:10,917 - INFO - Skipping 更新审批模板 (already up-to-date)
2025-12-02 08:53:10,917 - INFO - Skipping 概述 (already up-to-date)
2025-12-02 08:53:10,917 - INFO - Skipping 发放企业红包 (already up-to-date)
2025-12-02 08:53:10,917 - INFO - Skipping 查询红包记录 (already up-to-date)
2025-12-02 08:53:10,917 - INFO - Skipping 向员工付款 (already up-to-date)
2025-12-02 08:53:10,918 - INFO - Skipping 查询付款记录 (already up-to-date)
2025-12-02 08:53:10,918 - INFO - Skipping 向员工收款 (already up-to-date)
2025-12-02 08:53:10,918 - INFO - Skipping 签名算法 (already up-to-date)
2025-12-02 08:53:10,918 - INFO - Skipping 概述 (already up-to-date)
2025-12-02 08:53:10,918 - INFO - Skipping 收款商户号管理 (already up-to-date)
2025-12-02 08:53:10,919 - INFO - Skipping 获取对外收款记录 (already up-to-date)
2025-12-02 08:53:10,919 - INFO - Skipping 获取收款项目的商户单号 (already up-to-date)
2025-12-02 08:53:10,919 - INFO - Skipping 获取资金流水 (already up-to-date)
2025-12-02 08:53:10,919 - INFO - Skipping 提交图片 (already up-to-date)
2025-12-02 08:53:10,919 - INFO - Skipping 提交创建对外收款账户的申请单 (already up-to-date)
2025-12-02 08:53:10,920 - INFO - Skipping 查询申请单状态 (already up-to-date)
2025-12-02 08:53:10,920 - INFO - Skipping 概述 (already up-to-date)
2025-12-02 08:53:10,920 - INFO - Skipping 查询电子发票 (already up-to-date)
2025-12-02 08:53:10,920 - INFO - Skipping 更新发票状态 (already up-to-date)
2025-12-02 08:53:10,920 - INFO - Skipping 批量更新发票状态 (already up-to-date)
2025-12-02 08:53:10,920 - INFO - Skipping 批量查询电子发票 (already up-to-date)
2025-12-02 08:53:10,921 - INFO - Skipping 开发前必读 (already up-to-date)
2025-12-02 08:53:10,921 - INFO - Skipping 基本概念介绍 (already up-to-date)
2025-12-02 08:53:10,921 - INFO - Skipping 回调配置 (already up-to-date)
2025-12-02 08:53:10,921 - INFO - Skipping 获取access_token (already up-to-date)
2025-12-02 08:53:10,921 - INFO - Skipping 获取企业微信接口IP段 (already up-to-date)
2025-12-02 08:53:10,922 - INFO - Skipping 获取企业微信回调IP段 (already up-to-date)
2025-12-02 08:53:10,922 - INFO - Skipping 概述 (already up-to-date)
2025-12-02 08:53:10,922 - INFO - Skipping 使用前帮助 (already up-to-date)
2025-12-02 08:53:10,922 - INFO - Skipping 开发案例演示 (already up-to-date)
2025-12-02 08:53:10,922 - INFO - Skipping 常见问题解答 (already up-to-date)
2025-12-02 08:53:10,922 - INFO - Skipping 获取会话内容存档开启成员列表 (already up-to-date)
2025-12-02 08:53:10,923 - INFO - Skipping 获取会话内容 (already up-to-date)
2025-12-02 08:53:10,923 - INFO - Skipping 获取会话同意情况 (already up-to-date)
2025-12-02 08:53:10,923 - INFO - Skipping 客户同意进行聊天内容存档事件回调 (already up-to-date)
2025-12-02 08:53:10,923 - INFO - Skipping 获取会话内容存档内部群信息 (already up-to-date)
2025-12-02 08:53:10,923 - INFO - Skipping 产生会话回调事件 (already up-to-date)
2025-12-02 08:53:10,923 - INFO - Skipping 概述 (already up-to-date)
2025-12-02 08:53:10,924 - INFO - Skipping 发起语音电话 (already up-to-date)
2025-12-02 08:53:10,924 - INFO - Skipping 获取接听状态 (already up-to-date)
2025-12-02 08:53:10,924 - INFO - Skipping 概述 (already up-to-date)
2025-12-02 08:53:10,924 - INFO - Skipping 获取访问用户身份 (already up-to-date)
2025-12-02 08:53:10,924 - INFO - Skipping 开始开发 (already up-to-date)
2025-12-02 08:53:10,924 - INFO - Skipping 构造网页授权链接 (already up-to-date)
2025-12-02 08:53:10,925 - INFO - Skipping 获取家校访问用户身份 (already up-to-date)
2025-12-02 08:53:10,925 - INFO - Skipping 成员变更事件 (already up-to-date)
2025-12-02 08:53:10,925 - INFO - Skipping 部门变更事件 (already up-to-date)
2025-12-02 08:53:10,925 - INFO - Skipping 管理「学校通知」的关注模式 (already up-to-date)
2025-12-02 08:53:10,925 - INFO - Skipping 获取「学校通知」二维码 (already up-to-date)
2025-12-02 08:53:10,926 - INFO - Skipping 发送「学校通知」 (already up-to-date)
2025-12-02 08:53:10,926 - INFO - Skipping 外部联系人openid转换 (already up-to-date)
2025-12-02 08:53:10,926 - INFO - Skipping 管理「班级群创建方式」 (already up-to-date)
2025-12-02 08:53:10,926 - INFO - Skipping 获取可使用的家长范围 (already up-to-date)
2025-12-02 08:53:10,926 - INFO - Skipping 创建学生 (already up-to-date)
2025-12-02 08:53:10,927 - INFO - Skipping 删除学生 (already up-to-date)
2025-12-02 08:53:10,927 - INFO - Skipping 更新学生 (already up-to-date)
2025-12-02 08:53:10,927 - INFO - Skipping 批量创建学生 (already up-to-date)
2025-12-02 08:53:10,927 - INFO - Skipping 批量删除学生 (already up-to-date)
2025-12-02 08:53:10,927 - INFO - Skipping 批量更新学生 (already up-to-date)
2025-12-02 08:53:10,927 - INFO - Skipping 创建家长 (already up-to-date)
2025-12-02 08:53:10,927 - INFO - Skipping 删除家长 (already up-to-date)
2025-12-02 08:53:10,928 - INFO - Skipping 更新家长 (already up-to-date)
2025-12-02 08:53:10,928 - INFO - Skipping 批量创建家长 (already up-to-date)
2025-12-02 08:53:10,928 - INFO - Skipping 批量删除家长 (already up-to-date)
2025-12-02 08:53:10,928 - INFO - Skipping 批量更新家长 (already up-to-date)
2025-12-02 08:53:10,928 - INFO - Skipping 读取学生或家长 (already up-to-date)
2025-12-02 08:53:10,928 - INFO - Skipping 获取部门学生详情 (already up-to-date)
2025-12-02 08:53:10,929 - INFO - Skipping 设置家校通讯录自动同步模式 (already up-to-date)
2025-12-02 08:53:10,929 - INFO - Skipping 获取部门家长详情 (already up-to-date)
2025-12-02 08:53:10,929 - INFO - Skipping 创建部门 (already up-to-date)
2025-12-02 08:53:10,929 - INFO - Skipping 更新部门 (already up-to-date)
2025-12-02 08:53:10,929 - INFO - Skipping 删除部门 (already up-to-date)
2025-12-02 08:53:10,930 - INFO - Skipping 获取部门列表 (already up-to-date)
2025-12-02 08:53:10,930 - INFO - Skipping 标准年级对照表 (already up-to-date)
2025-12-02 08:53:10,930 - INFO - Skipping 修改自动升年级的配置 (already up-to-date)
2025-12-02 08:53:10,930 - INFO - Skipping 概述 (already up-to-date)
2025-12-02 08:53:10,930 - INFO - Skipping 获取客户列表 (already up-to-date)
2025-12-02 08:53:10,931 - INFO - Skipping 获取客户详情 (already up-to-date)
2025-12-02 08:53:10,931 - INFO - Skipping 修改客户备注信息 (already up-to-date)
2025-12-02 08:53:10,931 - INFO - Skipping 批量获取客户详情 (already up-to-date)
2025-12-02 08:53:10,931 - INFO - Skipping 客户联系规则组管理 (already up-to-date)
2025-12-02 08:53:10,931 - INFO - Skipping 管理企业标签 (already up-to-date)
2025-12-02 08:53:10,931 - INFO - Skipping 编辑客户企业标签 (already up-to-date)
2025-12-02 08:53:10,932 - INFO - Skipping 管理企业规则组下的客户标签 (already up-to-date)
2025-12-02 08:53:10,932 - INFO - Skipping 获取客户群列表 (already up-to-date)
2025-12-02 08:53:10,932 - INFO - Skipping 获取客户群详情 (already up-to-date)
2025-12-02 08:53:10,932 - INFO - Skipping 客户群opengid转换 (already up-to-date)
2025-12-02 08:53:10,932 - INFO - Skipping 获取待分配的离职成员列表 (already up-to-date)
2025-12-02 08:53:10,933 - INFO - Skipping 分配离职成员的客户群 (already up-to-date)
2025-12-02 08:53:10,933 - INFO - Skipping 分配离职成员的客户 (already up-to-date)
2025-12-02 08:53:10,933 - INFO - Skipping 查询客户接替状态 (already up-to-date)
2025-12-02 08:53:10,933 - INFO - Skipping 概述 (already up-to-date)
2025-12-02 08:53:10,933 - INFO - Skipping 事件格式 (already up-to-date)
2025-12-02 08:53:10,934 - INFO - Skipping 获客助手事件通知 (already up-to-date)
2025-12-02 08:53:10,934 - INFO - Skipping 获取「联系客户统计」数据 (already up-to-date)
2025-12-02 08:53:10,934 - INFO - Skipping 获取「群聊数据统计」数据 (already up-to-date)
2025-12-02 08:53:10,934 - INFO - Skipping 创建企业群发 (already up-to-date)
2025-12-02 08:53:10,934 - INFO - Skipping 发送新客户欢迎语 (already up-to-date)
2025-12-02 08:53:10,935 - INFO - Skipping 入群欢迎语素材管理 (already up-to-date)
2025-12-02 08:53:10,935 - INFO - Skipping 获取企业的全部群发记录 (already up-to-date)
2025-12-02 08:53:10,935 - INFO - Skipping 提醒成员群发 (already up-to-date)
2025-12-02 08:53:10,935 - INFO - Skipping 停止企业群发 (already up-to-date)
2025-12-02 08:53:10,935 - INFO - Skipping 客户联系「联系我」管理 (already up-to-date)
2025-12-02 08:53:10,935 - INFO - Skipping 客户群「加入群聊」管理 (already up-to-date)
2025-12-02 08:53:10,936 - INFO - Skipping 成员对外信息 (already up-to-date)
2025-12-02 08:53:10,936 - INFO - Skipping 获取配置了客户联系功能的成员列表 (already up-to-date)
2025-12-02 08:53:10,936 - INFO - Skipping 获取客户朋友圈全部的发表记录 (already up-to-date)
2025-12-02 08:53:10,936 - INFO - Skipping 概述 (already up-to-date)
2025-12-02 08:53:10,936 - INFO - Skipping 客户朋友圈规则组管理 (already up-to-date)
2025-12-02 08:53:10,936 - INFO - Skipping 企业发表内容到客户的朋友圈 (already up-to-date)
2025-12-02 08:53:10,937 - INFO - Skipping 停止发表企业朋友圈 (already up-to-date)
2025-12-02 08:53:10,937 - INFO - Skipping 查询客户接替状态 (already up-to-date)
2025-12-02 08:53:10,937 - INFO - Skipping 分配在职成员的客户群 (already up-to-date)
2025-12-02 08:53:10,937 - INFO - Skipping 管理商品图册 (already up-to-date)
2025-12-02 08:53:10,937 - INFO - Skipping 管理聊天敏感词 (already up-to-date)
2025-12-02 08:53:10,937 - INFO - Skipping 上传附件资源 (already up-to-date)
2025-12-02 08:53:10,937 - INFO - Skipping 获客链接管理 (already up-to-date)
2025-12-02 08:53:10,938 - INFO - Skipping 获取由获客链接添加的客户信息 (already up-to-date)
2025-12-02 08:53:10,938 - INFO - Skipping 获客助手额度管理与使用统计 (already up-to-date)
2025-12-02 08:53:10,938 - INFO - Skipping 提升广告有效率 (already up-to-date)
2025-12-02 08:53:10,938 - INFO - Skipping 获取成员多次收消息详情 (already up-to-date)
2025-12-02 08:53:10,938 - INFO - Skipping 获取已服务的外部联系人 (already up-to-date)
2025-12-02 08:53:10,938 - INFO - Skipping 获取下级/下游企业小程序session (already up-to-date)
2025-12-02 08:53:10,939 - INFO - Skipping 获取下级/下游企业的access_token (already up-to-date)
2025-12-02 08:53:10,939 - INFO - Skipping 概述 (already up-to-date)
2025-12-02 08:53:10,939 - INFO - Skipping 获取应用共享信息 (already up-to-date)
2025-12-02 08:53:10,939 - INFO - Skipping 批量获取汇报记录单号 (already up-to-date)
2025-12-02 08:53:10,939 - INFO - Skipping 获取汇报记录详情 (already up-to-date)
2025-12-02 08:53:10,939 - INFO - Skipping 获取汇报统计数据 (already up-to-date)
2025-12-02 08:53:10,939 - INFO - Skipping 概述 (already up-to-date)
2025-12-02 08:53:10,940 - INFO - Skipping 下载微盘文件 (already up-to-date)
2025-12-02 08:53:10,940 - INFO - Skipping 概述 (already up-to-date)
2025-12-02 08:53:10,940 - INFO - Skipping 获取配置的网格及网格负责人 (already up-to-date)
2025-12-02 08:53:10,940 - INFO - Skipping 获取单位居民上报数据统计 (already up-to-date)
2025-12-02 08:53:10,940 - INFO - Skipping 获取个人居民上报数据统计 (already up-to-date)
2025-12-02 08:53:10,940 - INFO - Skipping 获取上报事件分类统计 (already up-to-date)
2025-12-02 08:53:10,941 - INFO - Skipping 获取居民上报事件列表 (already up-to-date)
2025-12-02 08:53:10,941 - INFO - Skipping 获取居民上报的事件详情信息 (already up-to-date)
2025-12-02 08:53:10,941 - INFO - Skipping 概述 (already up-to-date)
2025-12-02 08:53:10,941 - INFO - Skipping 获取配置的网格及网格负责人 (already up-to-date)
2025-12-02 08:53:10,941 - INFO - Skipping 获取单位巡查上报数据统计 (already up-to-date)
2025-12-02 08:53:10,941 - INFO - Skipping 获取个人巡查上报数据统计 (already up-to-date)
2025-12-02 08:53:10,942 - INFO - Skipping 获取上报事件分类统计 (already up-to-date)
2025-12-02 08:53:10,942 - INFO - Skipping 获取巡查上报的事件详情信息 (already up-to-date)
2025-12-02 08:53:10,942 - INFO - Skipping 获取巡查上报事件列表 (already up-to-date)
2025-12-02 08:53:10,942 - INFO - Skipping 添加网格 (already up-to-date)
2025-12-02 08:53:10,942 - INFO - Skipping 编辑网格 (already up-to-date)
2025-12-02 08:53:10,942 - INFO - Skipping 删除网格 (already up-to-date)
2025-12-02 08:53:10,943 - INFO - Skipping 获取网格列表 (already up-to-date)
2025-12-02 08:53:10,943 - INFO - Skipping 获取用户负责及参与的网格列表 (already up-to-date)
2025-12-02 08:53:10,943 - INFO - Skipping 概述 (already up-to-date)
2025-12-02 08:53:10,943 - INFO - Skipping 添加事件类别 (already up-to-date)
2025-12-02 08:53:10,943 - INFO - Skipping 修改事件类别 (already up-to-date)
2025-12-02 08:53:10,943 - INFO - Skipping 删除事件类别 (already up-to-date)
2025-12-02 08:53:10,944 - INFO - Skipping 获取事件类别列表 (already up-to-date)
2025-12-02 08:53:10,944 - INFO - Skipping 概述 (already up-to-date)
2025-12-02 08:53:10,944 - INFO - Skipping 会议室管理 (already up-to-date)
2025-12-02 08:53:10,944 - INFO - Skipping 会议室预定管理 (already up-to-date)
2025-12-02 08:53:10,944 - INFO - Skipping 回调事件 (already up-to-date)
2025-12-02 08:53:10,945 - INFO - Skipping 概述 (already up-to-date)
2025-12-02 08:53:10,945 - INFO - Skipping 更新日历 (already up-to-date)
2025-12-02 08:53:10,945 - INFO - Skipping 获取日历详情 (already up-to-date)
2025-12-02 08:53:10,945 - INFO - Skipping 删除日历 (already up-to-date)
2025-12-02 08:53:10,945 - INFO - Skipping 更新日程 (already up-to-date)
2025-12-02 08:53:10,945 - INFO - Skipping 新增日程参与者 (already up-to-date)
2025-12-02 08:53:10,946 - INFO - Skipping 删除日程参与者 (already up-to-date)
2025-12-02 08:53:10,946 - INFO - Skipping 获取日历下的日程列表 (already up-to-date)
2025-12-02 08:53:10,946 - INFO - Skipping 获取日程详情 (already up-to-date)
2025-12-02 08:53:10,946 - INFO - Skipping 取消日程 (already up-to-date)
2025-12-02 08:53:10,946 - INFO - Skipping 删除日历事件 (already up-to-date)
2025-12-02 08:53:10,946 - INFO - Skipping 修改日历事件 (already up-to-date)
2025-12-02 08:53:10,946 - INFO - Skipping 修改日程事件 (already up-to-date)
2025-12-02 08:53:10,946 - INFO - Skipping 删除日程事件 (already up-to-date)
2025-12-02 08:53:10,947 - INFO - Skipping 日程回执事件 (already up-to-date)
2025-12-02 08:53:10,947 - INFO - Skipping 概述 (already up-to-date)
2025-12-02 08:53:10,947 - INFO - Skipping 创建预约会议 (already up-to-date)
2025-12-02 08:53:10,947 - INFO - Skipping 获取会议详情 (already up-to-date)
2025-12-02 08:53:10,947 - INFO - Skipping 取消预约会议 (already up-to-date)
2025-12-02 08:53:10,947 - INFO - Skipping 修改预约会议 (already up-to-date)
2025-12-02 08:53:10,947 - INFO - Skipping 获取已参会成员列表 (already up-to-date)
2025-12-02 08:53:10,947 - INFO - Skipping 获取实时会中成员列表 (already up-to-date)
2025-12-02 08:53:10,948 - INFO - Skipping 获取会议受邀成员列表 (already up-to-date)
2025-12-02 08:53:10,948 - INFO - Skipping 更新会议受邀成员列表 (already up-to-date)
2025-12-02 08:53:10,948 - INFO - Skipping 获取实时等候室成员列表 (already up-to-date)
2025-12-02 08:53:10,948 - INFO - Skipping 获取等候室成员记录 (already up-to-date)
2025-12-02 08:53:10,948 - INFO - Skipping 获取成员设备是否入会 (already up-to-date)
2025-12-02 08:53:10,948 - INFO - Skipping 获取成员会议ID列表 (already up-to-date)
2025-12-02 08:53:10,949 - INFO - Skipping 获取会议成员报名 ID (already up-to-date)
2025-12-02 08:53:10,949 - INFO - Skipping 修改会议报名配置 (already up-to-date)
2025-12-02 08:53:10,949 - INFO - Skipping 获取会议报名配置 (already up-to-date)
2025-12-02 08:53:10,949 - INFO - Skipping 审批会议报名信息 (already up-to-date)
2025-12-02 08:53:10,949 - INFO - Skipping 获取会议报名信息 (already up-to-date)
2025-12-02 08:53:10,949 - INFO - Skipping 导入会议报名信息 (already up-to-date)
2025-12-02 08:53:10,950 - INFO - Skipping 删除会议报名信息 (already up-to-date)
2025-12-02 08:53:10,950 - INFO - Skipping 创建用户专属参会链接 (already up-to-date)
2025-12-02 08:53:10,950 - INFO - Skipping 获取用户专属参会链接 (already up-to-date)
2025-12-02 08:53:10,950 - INFO - Skipping 获取会议健康度 (already up-to-date)
2025-12-02 08:53:10,950 - INFO - Skipping 获取会议嘉宾列表 (already up-to-date)
2025-12-02 08:53:10,950 - INFO - Skipping 更新会议嘉宾列表 (already up-to-date)
2025-12-02 08:53:10,951 - INFO - Skipping 管理会中设置 (already up-to-date)
2025-12-02 08:53:10,951 - INFO - Skipping 管理联席主持人 (already up-to-date)
2025-12-02 08:53:10,951 - INFO - Skipping 移出成员 (already up-to-date)
2025-12-02 08:53:10,951 - INFO - Skipping 静音成员 (already up-to-date)
2025-12-02 08:53:10,951 - INFO - Skipping 关闭成员屏幕共享 (already up-to-date)
2025-12-02 08:53:10,951 - INFO - Skipping 管理等候室成员 (already up-to-date)
2025-12-02 08:53:10,952 - INFO - Skipping 结束会议 (already up-to-date)
2025-12-02 08:53:10,952 - INFO - Skipping 修改成员在会中显示的昵称 (already up-to-date)
2025-12-02 08:53:10,952 - INFO - Skipping 关闭或开启成员视频 (already up-to-date)
2025-12-02 08:53:10,952 - INFO - Skipping 创建会议投票主题 (already up-to-date)
2025-12-02 08:53:10,952 - INFO - Skipping 修改会议投票主题 (already up-to-date)
2025-12-02 08:53:10,952 - INFO - Skipping 获取会议投票列表 (already up-to-date)
2025-12-02 08:53:10,953 - INFO - Skipping 获取会议投票主题信息 (already up-to-date)
2025-12-02 08:53:10,953 - INFO - Skipping 获取会议投票详情 (already up-to-date)
2025-12-02 08:53:10,953 - INFO - Skipping 删除会议投票 (already up-to-date)
2025-12-02 08:53:10,953 - INFO - Skipping 发起会议投票 (already up-to-date)
2025-12-02 08:53:10,953 - INFO - Skipping 结束会议投票 (already up-to-date)
2025-12-02 08:53:10,954 - INFO - Skipping 获取会议录制列表 (already up-to-date)
2025-12-02 08:53:10,954 - INFO - Skipping 获取会议录制地址 (already up-to-date)
2025-12-02 08:53:10,954 - INFO - Skipping 获取单个录制文件详情 (already up-to-date)
2025-12-02 08:53:10,954 - INFO - Skipping 删除会议录制 (already up-to-date)
2025-12-02 08:53:10,954 - INFO - Skipping 删除单个录制文件 (already up-to-date)
2025-12-02 08:53:10,954 - INFO - Skipping 修改会议录制共享设置 (already up-to-date)
2025-12-02 08:53:10,955 - INFO - Skipping 获取录制文件访问统计 (already up-to-date)
2025-12-02 08:53:10,955 - INFO - Skipping 获取录制转写详情 (already up-to-date)
2025-12-02 08:53:10,955 - INFO - Skipping 获取录制转写段落信息 (already up-to-date)
2025-12-02 08:53:10,955 - INFO - Skipping 获取录制转写搜索结果 (already up-to-date)
2025-12-02 08:53:10,955 - INFO - Skipping 会议开始事件 (already up-to-date)
2025-12-02 08:53:10,955 - INFO - Skipping 会议结束事件 (already up-to-date)
2025-12-02 08:53:10,956 - INFO - Skipping 会议全体静音事件 (already up-to-date)
2025-12-02 08:53:10,956 - INFO - Skipping 会议解除全体静音事件 (already up-to-date)
2025-12-02 08:53:10,956 - INFO - Skipping 成员入会事件 (already up-to-date)
2025-12-02 08:53:10,956 - INFO - Skipping 成员离会事件 (already up-to-date)
2025-12-02 08:53:10,956 - INFO - Skipping 成员等待主持人入会事件 (already up-to-date)
2025-12-02 08:53:10,956 - INFO - Skipping 成员进入等候室事件 (already up-to-date)
2025-12-02 08:53:10,956 - INFO - Skipping 成员离开等候室事件 (already up-to-date)
2025-12-02 08:53:10,957 - INFO - Skipping 成员从等候室进入会议事件 (already up-to-date)
2025-12-02 08:53:10,957 - INFO - Skipping 成员从会议中被移入等候室事件 (already up-to-date)
2025-12-02 08:53:10,957 - INFO - Skipping 共享屏幕开启事件 (already up-to-date)
2025-12-02 08:53:10,957 - INFO - Skipping 共享屏幕结束事件 (already up-to-date)
2025-12-02 08:53:10,957 - INFO - Skipping 会议成员角色变更事件 (already up-to-date)
2025-12-02 08:53:10,957 - INFO - Skipping 开始云录制事件 (already up-to-date)
2025-12-02 08:53:10,958 - INFO - Skipping 暂停云录制事件 (already up-to-date)
2025-12-02 08:53:10,958 - INFO - Skipping 恢复云录制事件 (already up-to-date)
2025-12-02 08:53:10,958 - INFO - Skipping 停止云录制事件 (already up-to-date)
2025-12-02 08:53:10,958 - INFO - Skipping 云录制已完成事件 (already up-to-date)
2025-12-02 08:53:10,958 - INFO - Skipping 删除云录制事件 (already up-to-date)
2025-12-02 08:53:10,958 - INFO - Skipping 网络研讨会成员角色变更事件 (already up-to-date)
2025-12-02 08:53:10,959 - INFO - Skipping 网络研讨会暖场上传结果 (already up-to-date)
2025-12-02 08:53:10,959 - INFO - Skipping PSTN 外呼状态更新事件 (already up-to-date)
2025-12-02 08:53:10,959 - INFO - Skipping 素材上传结果 (already up-to-date)
2025-12-02 08:53:10,959 - INFO - Skipping 用户报名事件 (already up-to-date)
2025-12-02 08:53:10,959 - INFO - Skipping 用户取消报名事件 (already up-to-date)
2025-12-02 08:53:10,959 - INFO - Skipping 会议室应答事件 (already up-to-date)
2025-12-02 08:53:10,960 - INFO - Skipping 修改会议事件 (already up-to-date)
2025-12-02 08:53:10,960 - INFO - Skipping  取消会议事件 (already up-to-date)
2025-12-02 08:53:10,960 - INFO - Skipping 概述 (already up-to-date)
2025-12-02 08:53:10,960 - INFO - Skipping 会议发起事件 (already up-to-date)
2025-12-02 08:53:10,960 - INFO - Skipping 获取 MRA 状态信息 (already up-to-date)
2025-12-02 08:53:10,960 - INFO - Skipping 切换 MRA 默认布局 (already up-to-date)
2025-12-02 08:53:10,960 - INFO - Skipping 设置 MRA 举手或手放下 (already up-to-date)
2025-12-02 08:53:10,961 - INFO - Skipping 挂断 MRA 呼叫 (already up-to-date)
2025-12-02 08:53:10,961 - INFO - Skipping 预定Rooms会议室 (already up-to-date)
2025-12-02 08:53:10,961 - INFO - Skipping 释放Rooms会议室 (already up-to-date)
2025-12-02 08:53:10,961 - INFO - Skipping 获取Rooms会议室详情 (already up-to-date)
2025-12-02 08:53:10,961 - INFO - Skipping 获取Rooms会议室列表 (already up-to-date)
2025-12-02 08:53:10,962 - INFO - Skipping 获取Rooms会议室下的会议列表 (already up-to-date)
2025-12-02 08:53:10,962 - INFO - Skipping 获取设备列表 (already up-to-date)
2025-12-02 08:53:10,962 - INFO - Skipping 获取控制器列表 (already up-to-date)
2025-12-02 08:53:10,962 - INFO - Skipping 获取Rooms会议室配置项 (already up-to-date)
2025-12-02 08:53:10,962 - INFO - Skipping 呼叫Rooms会议室 (already up-to-date)
2025-12-02 08:53:10,962 - INFO - Skipping 取消呼叫Rooms会议室 (already up-to-date)
2025-12-02 08:53:10,963 - INFO - Skipping 获取Rooms会议室应答状态 (already up-to-date)
2025-12-02 08:53:10,963 - INFO - Skipping 获取Rooms会议室资源 (already up-to-date)
2025-12-02 08:53:10,963 - INFO - Skipping 获取布局模板列表 (already up-to-date)
2025-12-02 08:53:10,963 - INFO - Skipping 添加会议基础布局 (already up-to-date)
2025-12-02 08:53:10,963 - INFO - Skipping 修改会议基础布局 (already up-to-date)
2025-12-02 08:53:10,963 - INFO - Skipping 设置会议默认布局 (already up-to-date)
2025-12-02 08:53:10,964 - INFO - Skipping 添加会议背景 (already up-to-date)
2025-12-02 08:53:10,964 - INFO - Skipping 设置会议默认背景 (already up-to-date)
2025-12-02 08:53:10,964 - INFO - Skipping 删除会议背景 (already up-to-date)
2025-12-02 08:53:10,964 - INFO - Skipping 批量删除会议背景 (already up-to-date)
2025-12-02 08:53:10,964 - INFO - Skipping 获取会议背景列表 (already up-to-date)
2025-12-02 08:53:10,964 - INFO - Skipping 添加会议高级布局 (already up-to-date)
2025-12-02 08:53:10,965 - INFO - Skipping 获取会议布局列表 (already up-to-date)
2025-12-02 08:53:10,965 - INFO - Skipping 获取用户布局 (already up-to-date)
2025-12-02 08:53:10,965 - INFO - Skipping 批量删除布局 (already up-to-date)
2025-12-02 08:53:10,965 - INFO - Skipping 修改会议高级布局 (already up-to-date)
2025-12-02 08:53:10,965 - INFO - Skipping 设置高级布局 (already up-to-date)
2025-12-02 08:53:10,966 - INFO - Skipping 批量外呼 (already up-to-date)
2025-12-02 08:53:10,966 - INFO - Skipping 获取会议的外呼状态 (already up-to-date)
2025-12-02 08:53:10,966 - INFO - Skipping 获取电话入会的成员ID (already up-to-date)
2025-12-02 08:53:10,966 - INFO - Skipping 创建网络研讨会 (already up-to-date)
2025-12-02 08:53:10,966 - INFO - Skipping 修改网络研讨会 (already up-to-date)
2025-12-02 08:53:10,966 - INFO - Skipping 获取网络研讨会详情 (already up-to-date)
2025-12-02 08:53:10,967 - INFO - Skipping 取消网络研讨会 (already up-to-date)
2025-12-02 08:53:10,967 - INFO - Skipping 获取网络研讨会嘉宾列表 (already up-to-date)
2025-12-02 08:53:10,967 - INFO - Skipping 更新网络研讨会嘉宾列表 (already up-to-date)
2025-12-02 08:53:10,967 - INFO - Skipping 获取网络研讨会成员报名 ID (already up-to-date)
2025-12-02 08:53:10,967 - INFO - Skipping 获取网络研讨会报名配置 (already up-to-date)
2025-12-02 08:53:10,968 - INFO - Skipping 修改网络研讨会报名配置 (already up-to-date)
2025-12-02 08:53:10,968 - INFO - Skipping 获取网络研讨会报名信息 (already up-to-date)
2025-12-02 08:53:10,968 - INFO - Skipping 审批网络研讨会报名信息 (already up-to-date)
2025-12-02 08:53:10,968 - INFO - Skipping 导入网络研讨会报名信息 (already up-to-date)
2025-12-02 08:53:10,968 - INFO - Skipping 删除网络研讨会报名信息 (already up-to-date)
2025-12-02 08:53:10,968 - INFO - Skipping 管理网络研讨会暖场配置 (already up-to-date)
2025-12-02 08:53:10,969 - INFO - Skipping 修改预约会议 (already up-to-date)
2025-12-02 08:53:10,969 - INFO - Skipping 取消预约会议 (already up-to-date)
2025-12-02 08:53:10,969 - INFO - Skipping 获取会议详情 (already up-to-date)
2025-12-02 08:53:10,969 - INFO - Skipping 获取成员会议ID列表 (already up-to-date)
2025-12-02 08:53:10,969 - INFO - Skipping 创建预约会议 (already up-to-date)
2025-12-02 08:53:10,970 - INFO - Skipping 分配高级功能账号 (already up-to-date)
2025-12-02 08:53:10,970 - INFO - Skipping 取消高级功能账号 (already up-to-date)
2025-12-02 08:53:10,970 - INFO - Skipping 获取高级功能账号列表 (already up-to-date)
2025-12-02 08:53:10,970 - INFO - Skipping 获取会议发起记录 (already up-to-date)
2025-12-02 08:53:10,970 - INFO - Skipping 概述 (already up-to-date)
2025-12-02 08:53:10,970 - INFO - Skipping 获取成员直播ID列表 (already up-to-date)
2025-12-02 08:53:10,971 - INFO - Skipping 获取直播详情 (already up-to-date)
2025-12-02 08:53:10,971 - INFO - Skipping 获取直播观看明细 (already up-to-date)
2025-12-02 08:53:10,971 - INFO - Skipping 创建预约直播 (already up-to-date)
2025-12-02 08:53:10,971 - INFO - Skipping 取消预约直播 (already up-to-date)
2025-12-02 08:53:10,971 - INFO - Skipping 修改预约直播 (already up-to-date)
2025-12-02 08:53:10,971 - INFO - Skipping 在微信中观看直播或直播回放 (already up-to-date)
2025-12-02 08:53:10,972 - INFO - Skipping 删除直播回放 (already up-to-date)
2025-12-02 08:53:10,972 - INFO - Skipping 直播回调事件 (already up-to-date)
2025-12-02 08:53:10,972 - INFO - Skipping 获取跳转小程序商城的直播观众信息 (already up-to-date)
2025-12-02 08:53:10,972 - INFO - Skipping 概述 (already up-to-date)
2025-12-02 08:53:10,972 - INFO - Skipping 版本和容量管理 (already up-to-date)
2025-12-02 08:53:10,972 - INFO - Skipping 重命名空间 (already up-to-date)
2025-12-02 08:53:10,973 - INFO - Skipping 解散空间 (already up-to-date)
2025-12-02 08:53:10,973 - INFO - Skipping 获取空间信息 (already up-to-date)
2025-12-02 08:53:10,973 - INFO - Skipping 移除成员/部门 (already up-to-date)
2025-12-02 08:53:10,973 - INFO - Skipping 安全设置 (already up-to-date)
2025-12-02 08:53:10,973 - INFO - Skipping 获取邀请链接 (already up-to-date)
2025-12-02 08:53:10,973 - INFO - Skipping 获取空间信息 (already up-to-date)
2025-12-02 08:53:10,974 - INFO - Skipping 上传文件 (already up-to-date)
2025-12-02 08:53:10,974 - INFO - Skipping 下载文件 (already up-to-date)
2025-12-02 08:53:10,974 - INFO - Skipping 新建文件夹/文档 (already up-to-date)
2025-12-02 08:53:10,974 - INFO - Skipping 重命名文件 (already up-to-date)
2025-12-02 08:53:10,974 - INFO - Skipping 移动文件 (already up-to-date)
2025-12-02 08:53:10,974 - INFO - Skipping 删除文件 (already up-to-date)
2025-12-02 08:53:10,975 - INFO - Skipping 获取文件信息 (already up-to-date)
2025-12-02 08:53:10,975 - INFO - Skipping 文件分块上传 (already up-to-date)
2025-12-02 08:53:10,975 - INFO - Skipping 删除成员 (already up-to-date)
2025-12-02 08:53:10,975 - INFO - Skipping 分享设置 (already up-to-date)
2025-12-02 08:53:10,975 - INFO - Skipping 获取分享链接 (already up-to-date)
2025-12-02 08:53:10,976 - INFO - Skipping 获取文件权限信息 (already up-to-date)
2025-12-02 08:53:10,976 - INFO - Skipping 修改文件安全设置 (already up-to-date)
2025-12-02 08:53:10,976 - INFO - Skipping 微盘容量不足事件 (already up-to-date)
2025-12-02 08:53:10,976 - INFO - Skipping 空间变更事件 (already up-to-date)
2025-12-02 08:53:10,976 - INFO - Skipping 文件变更事件 (already up-to-date)
2025-12-02 08:53:10,976 - INFO - Skipping 解散空间 (already up-to-date)
2025-12-02 08:53:10,977 - INFO - Skipping 修改空间成员 (already up-to-date)
2025-12-02 08:53:10,977 - INFO - Skipping 修改空间安全设置 (already up-to-date)
2025-12-02 08:53:10,977 - INFO - Skipping 分配高级功能账号 (already up-to-date)
2025-12-02 08:53:10,977 - INFO - Skipping 取消高级功能账号 (already up-to-date)
2025-12-02 08:53:10,977 - INFO - Skipping 获取高级功能账号列表 (already up-to-date)
2025-12-02 08:53:10,977 - INFO - Skipping 获取公费电话拨打记录 (already up-to-date)
2025-12-02 08:53:10,978 - INFO - Skipping 获取健康上报使用统计 (already up-to-date)
2025-12-02 08:53:10,978 - INFO - Skipping 获取健康上报任务ID列表 (already up-to-date)
2025-12-02 08:53:10,978 - INFO - Skipping 获取健康上报任务详情 (already up-to-date)
2025-12-02 08:53:10,978 - INFO - Skipping 获取用户填写答案 (already up-to-date)
2025-12-02 08:53:10,978 - INFO - Skipping 获取老师直播ID列表 (already up-to-date)
2025-12-02 08:53:10,978 - INFO - Skipping 获取直播详情 (already up-to-date)
2025-12-02 08:53:10,979 - INFO - Skipping 获取观看直播统计 (already up-to-date)
2025-12-02 08:53:10,979 - INFO - Skipping 获取未观看直播统计 (already up-to-date)
2025-12-02 08:53:10,979 - INFO - Skipping 删除直播回放 (already up-to-date)
2025-12-02 08:53:10,979 - INFO - Skipping 获取观看直播统计V2 (already up-to-date)
2025-12-02 08:53:10,979 - INFO - Skipping 获取未观看直播统计V2 (already up-to-date)
2025-12-02 08:53:10,980 - INFO - Skipping 获取学生付款结果 (already up-to-date)
2025-12-02 08:53:10,980 - INFO - Skipping 获取订单详情 (already up-to-date)
2025-12-02 08:53:10,980 - INFO - Skipping 概述 (already up-to-date)
2025-12-02 08:53:10,980 - INFO - Skipping 获取接待人员列表 (already up-to-date)
2025-12-02 08:53:10,980 - INFO - Skipping 添加接待人员 (already up-to-date)
2025-12-02 08:53:10,980 - INFO - Skipping 删除接待人员 (already up-to-date)
2025-12-02 08:53:10,981 - INFO - Skipping 获取客服账号列表 (already up-to-date)
2025-12-02 08:53:10,981 - INFO - Skipping 添加客服账号 (already up-to-date)
2025-12-02 08:53:10,981 - INFO - Skipping 删除客服账号 (already up-to-date)
2025-12-02 08:53:10,981 - INFO - Skipping 修改客服账号 (already up-to-date)
2025-12-02 08:53:10,981 - INFO - Skipping 获取客服账号链接 (already up-to-date)
2025-12-02 08:53:10,981 - INFO - Skipping 分配客服会话 (already up-to-date)
2025-12-02 08:53:10,982 - INFO - Skipping 接收消息和事件 (already up-to-date)
2025-12-02 08:53:10,982 - INFO - Skipping 发送消息 (already up-to-date)
2025-12-02 08:53:10,982 - INFO - Skipping 发送欢迎语等事件响应消息 (already up-to-date)
2025-12-02 08:53:10,982 - INFO - Skipping 「升级服务」配置 (already up-to-date)
2025-12-02 08:53:10,982 - INFO - Skipping 获取客户基础信息 (already up-to-date)
2025-12-02 08:53:10,982 - INFO - Skipping 获取「客户数据统计」企业汇总数据 (already up-to-date)
2025-12-02 08:53:10,983 - INFO - Skipping 获取「客户数据统计」接待人员明细数据 (already up-to-date)
2025-12-02 08:53:10,983 - INFO - Skipping 知识库分组管理 (already up-to-date)
2025-12-02 08:53:10,983 - INFO - Skipping 知识库问答管理 (already up-to-date)
2025-12-02 08:53:10,983 - INFO - Skipping 回调通知 (already up-to-date)
2025-12-02 08:53:10,983 - INFO - Skipping 获取对接规则id列表 (already up-to-date)
2025-12-02 08:53:10,983 - INFO - Skipping 删除对接规则 (already up-to-date)
2025-12-02 08:53:10,984 - INFO - Skipping 获取对接规则详情 (already up-to-date)
2025-12-02 08:53:10,984 - INFO - Skipping 新增对接规则 (already up-to-date)
2025-12-02 08:53:10,984 - INFO - Skipping 更新对接规则 (already up-to-date)
2025-12-02 08:53:10,984 - INFO - Skipping 概述 (already up-to-date)
2025-12-02 08:53:10,984 - INFO - Skipping 上下游变更回调 (already up-to-date)
2025-12-02 08:53:10,984 - INFO - Skipping 异步任务完成通知 (already up-to-date)
2025-12-02 08:53:10,985 - INFO - Skipping 获取应用共享信息 (already up-to-date)
2025-12-02 08:53:10,985 - INFO - Skipping 获取下级/下游企业的access_token (already up-to-date)
2025-12-02 08:53:10,985 - INFO - Skipping 获取下级/下游企业小程序session (already up-to-date)
2025-12-02 08:53:10,985 - INFO - Skipping 上下游关联客户信息-已添加客户 (already up-to-date)
2025-12-02 08:53:10,985 - INFO - Skipping 上下游关联客户信息-未添加客户 (already up-to-date)
2025-12-02 08:53:10,986 - INFO - Skipping 获取上下游信息 (already up-to-date)
2025-12-02 08:53:10,986 - INFO - Skipping 批量导入上下游联系人 (already up-to-date)
2025-12-02 08:53:10,986 - INFO - Skipping 移除企业 (already up-to-date)
2025-12-02 08:53:10,986 - INFO - Skipping 获取异步任务结果 (already up-to-date)
2025-12-02 08:53:10,986 - INFO - Skipping 查询成员自定义id (already up-to-date)
2025-12-02 08:53:10,986 - INFO - Skipping 获取下级企业加入的上下游 (already up-to-date)
2025-12-02 08:53:10,987 - INFO - Skipping 概述 (already up-to-date)
2025-12-02 08:53:10,987 - INFO - Skipping 概述 (already up-to-date)
2025-12-02 08:53:10,987 - INFO - Skipping 禁用/启用邮箱账号 (already up-to-date)
2025-12-02 08:53:10,987 - INFO - Skipping 获取邮件未读数 (already up-to-date)
2025-12-02 08:53:10,987 - INFO - Skipping 回调通知 (already up-to-date)
2025-12-02 08:53:10,988 - INFO - Skipping 发送日程邮件 (already up-to-date)
2025-12-02 08:53:10,988 - INFO - Skipping 发送会议邮件 (already up-to-date)
2025-12-02 08:53:10,988 - INFO - Skipping 获取邮件内容 (already up-to-date)
2025-12-02 08:53:10,988 - INFO - Skipping 查询应用邮箱账号 (already up-to-date)
2025-12-02 08:53:10,988 - INFO - Skipping 更新邮件群组 (already up-to-date)
2025-12-02 08:53:10,988 - INFO - Skipping 删除邮件群组 (already up-to-date)
2025-12-02 08:53:10,989 - INFO - Skipping 获取邮件群组详情 (already up-to-date)
2025-12-02 08:53:10,989 - INFO - Skipping 模糊搜索邮件群组 (already up-to-date)
2025-12-02 08:53:10,989 - INFO - Skipping 更新公共邮箱 (already up-to-date)
2025-12-02 08:53:10,989 - INFO - Skipping 删除公共邮箱 (already up-to-date)
2025-12-02 08:53:10,989 - INFO - Skipping 获取公共邮箱详情 (already up-to-date)
2025-12-02 08:53:10,989 - INFO - Skipping 模糊搜索公共邮箱 (already up-to-date)
2025-12-02 08:53:10,990 - INFO - Skipping 回调通知 (already up-to-date)
2025-12-02 08:53:10,990 - INFO - Skipping 获取客户端专用密码列表 (already up-to-date)
2025-12-02 08:53:10,990 - INFO - Skipping 删除客户端专用密码 (already up-to-date)
2025-12-02 08:53:10,990 - INFO - Skipping 更改用户功能属性 (already up-to-date)
2025-12-02 08:53:10,990 - INFO - Skipping 分配高级功能账号 (already up-to-date)
2025-12-02 08:53:10,990 - INFO - Skipping 取消高级功能账号 (already up-to-date)
2025-12-02 08:53:10,991 - INFO - Skipping 获取高级功能账号列表 (already up-to-date)
2025-12-02 08:53:10,991 - INFO - Skipping 概述 (already up-to-date)
2025-12-02 08:53:10,991 - INFO - Skipping 编辑文档内容 (already up-to-date)
2025-12-02 08:53:10,991 - INFO - Skipping 获取文档数据 (already up-to-date)
2025-12-02 08:53:10,991 - INFO - Skipping 获取表格数据 (already up-to-date)
2025-12-02 08:53:10,992 - INFO - Skipping 获取表格行列信息 (already up-to-date)
2025-12-02 08:53:10,992 - INFO - Skipping 编辑表格内容 (already up-to-date)
2025-12-02 08:53:10,992 - INFO - Skipping 分享文档 (already up-to-date)
2025-12-02 08:53:10,992 - INFO - Skipping 获取文档基础信息 (already up-to-date)
2025-12-02 08:53:10,992 - INFO - Skipping 删除文档 (already up-to-date)
2025-12-02 08:53:10,993 - INFO - Skipping 重命名文档 (already up-to-date)
2025-12-02 08:53:10,993 - INFO - Skipping 修改文档查看规则 (already up-to-date)
2025-12-02 08:53:10,993 - INFO - Skipping 修改文档通知范围及权限 (already up-to-date)
2025-12-02 08:53:10,993 - INFO - Skipping 修改文档安全设置 (already up-to-date)
2025-12-02 08:53:10,993 - INFO - Skipping 管理智能表格内容权限 (already up-to-date)
2025-12-02 08:53:10,993 - INFO - Skipping 编辑收集表 (already up-to-date)
2025-12-02 08:53:10,994 - INFO - Skipping 获取收集表信息 (already up-to-date)
2025-12-02 08:53:10,994 - INFO - Skipping 收集表的统计信息查询 (already up-to-date)
2025-12-02 08:53:10,994 - INFO - Skipping 读取收集表答案 (already up-to-date)
2025-12-02 08:53:10,994 - INFO - Skipping 修改文档成员事件 (already up-to-date)
2025-12-02 08:53:10,994 - INFO - Skipping 删除文档事件 (already up-to-date)
2025-12-02 08:53:10,995 - INFO - Skipping 收集表完成事件 (already up-to-date)
2025-12-02 08:53:10,995 - INFO - Skipping 删除收集表事件 (already up-to-date)
2025-12-02 08:53:10,995 - INFO - Skipping 修改收集表设置事件 (already up-to-date)
2025-12-02 08:53:10,995 - INFO - Skipping 记录变更事件 (already up-to-date)
2025-12-02 08:53:10,995 - INFO - Skipping 字段变更事件 (already up-to-date)
2025-12-02 08:53:10,995 - INFO - Skipping 分配高级功能账号 (already up-to-date)
2025-12-02 08:53:10,995 - INFO - Skipping 取消高级功能账号 (already up-to-date)
2025-12-02 08:53:10,996 - INFO - Skipping 获取高级功能账号列表 (already up-to-date)
2025-12-02 08:53:10,996 - INFO - Skipping 添加子表 (already up-to-date)
2025-12-02 08:53:10,996 - INFO - Skipping 更新子表 (already up-to-date)
2025-12-02 08:53:10,996 - INFO - Skipping 删除子表 (already up-to-date)
2025-12-02 08:53:10,996 - INFO - Skipping 添加视图 (already up-to-date)
2025-12-02 08:53:10,996 - INFO - Skipping 删除视图 (already up-to-date)
2025-12-02 08:53:10,997 - INFO - Skipping 更新视图 (already up-to-date)
2025-12-02 08:53:10,997 - INFO - Skipping 添加字段 (already up-to-date)
2025-12-02 08:53:10,997 - INFO - Skipping 删除字段 (already up-to-date)
2025-12-02 08:53:10,997 - INFO - Skipping 更新字段 (already up-to-date)
2025-12-02 08:53:10,997 - INFO - Skipping 添加记录 (already up-to-date)
2025-12-02 08:53:10,998 - INFO - Skipping 删除记录 (already up-to-date)
2025-12-02 08:53:10,998 - INFO - Skipping 更新记录 (already up-to-date)
2025-12-02 08:53:10,998 - INFO - Skipping 添加编组 (already up-to-date)
2025-12-02 08:53:10,998 - INFO - Skipping 更新编组 (already up-to-date)
2025-12-02 08:53:10,998 - INFO - Updating 删除编组 (local: None, remote: 1755142617)
2025-12-02 08:53:10,998 - INFO - Processing document: 删除编组 (ID: 59538)
2025-12-02 08:53:11,304 - INFO - Saved: docs/企业内部开发/服务端API/文档/管理智能表格内容/删除编组.mdx
2025-12-02 08:53:12,305 - INFO - Updating 获取编组 (local: None, remote: 1755142639)
2025-12-02 08:53:12,305 - INFO - Processing document: 获取编组 (ID: 59539)
2025-12-02 08:53:12,610 - INFO - Saved: docs/企业内部开发/服务端API/文档/管理智能表格内容/获取编组.mdx
2025-12-02 08:53:13,611 - INFO - Updating 查询子表 (local: None, remote: 1762264414)
2025-12-02 08:53:13,611 - INFO - Processing document: 查询子表 (ID: 53109)
2025-12-02 08:53:13,913 - INFO - Saved: docs/企业内部开发/服务端API/文档/管理智能表格内容/查询子表.mdx
2025-12-02 08:53:14,915 - INFO - Updating 查询视图 (local: None, remote: 1762264440)
2025-12-02 08:53:14,915 - INFO - Processing document: 查询视图 (ID: 53112)
2025-12-02 08:53:15,227 - INFO - Saved: docs/企业内部开发/服务端API/文档/管理智能表格内容/查询视图.mdx
2025-12-02 08:53:16,229 - INFO - Updating 查询字段 (local: None, remote: 1762264752)
2025-12-02 08:53:16,229 - INFO - Processing document: 查询字段 (ID: 53117)
2025-12-02 08:53:16,756 - INFO - Saved: docs/企业内部开发/服务端API/文档/管理智能表格内容/查询字段.mdx
2025-12-02 08:53:17,758 - INFO - Updating 查询记录 (local: None, remote: 1762264766)
2025-12-02 08:53:17,758 - INFO - Processing document: 查询记录 (ID: 53121)
2025-12-02 08:53:18,070 - INFO - Saved: docs/企业内部开发/服务端API/文档/管理智能表格内容/查询记录.mdx
2025-12-02 08:53:19,071 - INFO - Updating 上传文档图片 (local: None, remote: 1717062378)
2025-12-02 08:53:19,071 - INFO - Processing document: 上传文档图片 (ID: 53863)
2025-12-02 08:53:19,364 - INFO - Saved: docs/企业内部开发/服务端API/文档/素材管理/上传文档图片.mdx
2025-12-02 08:53:20,366 - INFO - Updating 交易账单申请 (local: None, remote: 1673251670)
2025-12-02 08:53:20,366 - INFO - Processing document: 交易账单申请 (ID: 45445)
2025-12-02 08:53:20,662 - INFO - Saved: docs/企业内部开发/服务端API/小程序接入对外收款/账单/交易账单申请.mdx
2025-12-02 08:53:21,664 - INFO - Updating 概述 (local: None, remote: 1677142742)
2025-12-02 08:53:21,664 - INFO - Processing document: 概述 (ID: 46465)
2025-12-02 08:53:21,965 - INFO - Saved: docs/企业内部开发/服务端API/小程序接入对外收款/概述.mdx
2025-12-02 08:53:22,967 - INFO - Updating 文件防泄漏 (local: None, remote: 1680074663)
2025-12-02 08:53:22,967 - INFO - Processing document: 文件防泄漏 (ID: 45230)
2025-12-02 08:53:23,271 - INFO - Saved: docs/企业内部开发/服务端API/安全管理/文件防泄漏.mdx
2025-12-02 08:53:24,273 - INFO - Updating 设备管理 (local: None, remote: 1681475050)
2025-12-02 08:53:24,273 - INFO - Processing document: 设备管理 (ID: 47801)
2025-12-02 08:53:24,588 - INFO - Saved: docs/企业内部开发/服务端API/安全管理/设备管理.mdx
2025-12-02 08:53:25,589 - INFO - Updating 取消高级功能账号 (local: None, remote: 1699858213)
2025-12-02 08:53:25,589 - INFO - Processing document: 取消高级功能账号 (ID: 50731)
2025-12-02 08:53:25,892 - INFO - Saved: docs/企业内部开发/服务端API/安全管理/高级功能账号管理/取消高级功能账号.mdx
2025-12-02 08:53:26,893 - INFO - Updating 获取高级功能账号列表 (local: None, remote: 1699858448)
2025-12-02 08:53:26,893 - INFO - Processing document: 获取高级功能账号列表 (ID: 50733)
2025-12-02 08:53:27,198 - INFO - Saved: docs/企业内部开发/服务端API/安全管理/高级功能账号管理/获取高级功能账号列表.mdx
2025-12-02 08:53:28,199 - INFO - Updating 获取企业微信域名IP信息 (local: None, remote: 1720752529)
2025-12-02 08:53:28,200 - INFO - Processing document: 获取企业微信域名IP信息 (ID: 54776)
2025-12-02 08:53:28,498 - INFO - Saved: docs/企业内部开发/服务端API/安全管理/获取企业微信域名IP信息.mdx
2025-12-02 08:53:29,500 - INFO - Updating 回调通知 (local: None, remote: 1720765843)
2025-12-02 08:53:29,500 - INFO - Processing document: 回调通知 (ID: 54785)
2025-12-02 08:53:29,812 - INFO - Saved: docs/企业内部开发/服务端API/安全管理/回调通知.mdx
2025-12-02 08:53:30,814 - INFO - Updating 截屏/录屏管理 (local: None, remote: 1722429601)
2025-12-02 08:53:30,814 - INFO - Processing document: 截屏/录屏管理 (ID: 55153)
2025-12-02 08:53:31,113 - INFO - Saved: docs/企业内部开发/服务端API/安全管理/截屏录屏管理.mdx
2025-12-02 08:53:32,114 - INFO - Updating 获取成员操作记录 (local: None, remote: 1724818091)
2025-12-02 08:53:32,114 - INFO - Processing document: 获取成员操作记录 (ID: 55393)
2025-12-02 08:53:32,421 - INFO - Saved: docs/企业内部开发/服务端API/安全管理/操作日志/获取成员操作记录.mdx
2025-12-02 08:53:33,423 - INFO - Updating 获取管理端操作日志 (local: None, remote: 1724818121)
2025-12-02 08:53:33,423 - INFO - Processing document: 获取管理端操作日志 (ID: 55394)
2025-12-02 08:53:33,725 - INFO - Saved: docs/企业内部开发/服务端API/安全管理/操作日志/获取管理端操作日志.mdx
2025-12-02 08:53:34,726 - INFO - Updating 概述 (local: None, remote: 1677501738)
2025-12-02 08:53:34,726 - INFO - Processing document: 概述 (ID: 39763)
2025-12-02 08:53:35,029 - INFO - Saved: docs/企业内部开发/服务端API/账号ID/概述.mdx
2025-12-02 08:53:36,030 - INFO - Updating tmp_external_userid的转换 (local: None, remote: 1677501877)
2025-12-02 08:53:36,030 - INFO - Processing document: tmp_external_userid的转换 (ID: 46252)
2025-12-02 08:53:36,335 - INFO - Saved: docs/企业内部开发/服务端API/账号ID/tmp_external_userid的转换.mdx
2025-12-02 08:53:37,337 - INFO - Updating 概述 (local: None, remote: 1684292891)
2025-12-02 08:53:37,337 - INFO - Processing document: 概述 (ID: 48933)
2025-12-02 08:53:37,633 - INFO - Saved: docs/企业内部开发/服务端API/人事助手/花名册/概述.mdx
2025-12-02 08:53:38,634 - INFO - Updating 获取员工字段配置 (local: None, remote: 1684292932)
2025-12-02 08:53:38,634 - INFO - Processing document: 获取员工字段配置 (ID: 48934)
2025-12-02 08:53:38,934 - INFO - Saved: docs/企业内部开发/服务端API/人事助手/花名册/获取员工字段配置.mdx
2025-12-02 08:53:39,935 - INFO - Updating 获取员工花名册信息 (local: None, remote: 1684292951)
2025-12-02 08:53:39,935 - INFO - Processing document: 获取员工花名册信息 (ID: 48935)
2025-12-02 08:53:40,230 - INFO - Saved: docs/企业内部开发/服务端API/人事助手/花名册/获取员工花名册信息.mdx
2025-12-02 08:53:41,232 - INFO - Updating 更新员工花名册信息 (local: None, remote: 1684292970)
2025-12-02 08:53:41,232 - INFO - Processing document: 更新员工花名册信息 (ID: 48936)
2025-12-02 08:53:41,532 - INFO - Saved: docs/企业内部开发/服务端API/人事助手/花名册/更新员工花名册信息.mdx
2025-12-02 08:53:42,533 - INFO - Updating 概述 (local: None, remote: 1716282441)
2025-12-02 08:53:42,533 - INFO - Processing document: 概述 (ID: 53457)
2025-12-02 08:53:42,832 - INFO - Saved: docs/企业内部开发/服务端API/高级功能/概述.mdx
2025-12-02 08:53:43,834 - INFO - Updating 成员申请的提交回调 (local: None, remote: 1716967550)
2025-12-02 08:53:43,834 - INFO - Processing document: 成员申请的提交回调 (ID: 53713)
2025-12-02 08:53:44,139 - INFO - Saved: docs/企业内部开发/服务端API/高级功能/成员申请的提交回调.mdx
2025-12-02 08:53:45,140 - INFO - Updating 成员申请的终止回调 (local: None, remote: 1716967878)
2025-12-02 08:53:45,140 - INFO - Processing document: 成员申请的终止回调 (ID: 53714)
2025-12-02 08:53:45,441 - INFO - Saved: docs/企业内部开发/服务端API/高级功能/成员申请的终止回调.mdx
2025-12-02 08:53:46,442 - INFO - Updating 设置审批单审批信息 (local: None, remote: 1716969275)
2025-12-02 08:53:46,442 - INFO - Processing document: 设置审批单审批信息 (ID: 53717)
2025-12-02 08:53:46,760 - INFO - Saved: docs/企业内部开发/服务端API/高级功能/设置审批单审批信息.mdx
2025-12-02 08:53:47,762 - INFO - Updating 批量获取申请单ID (local: None, remote: 1716969728)
2025-12-02 08:53:47,762 - INFO - Processing document: 批量获取申请单ID (ID: 53722)
2025-12-02 08:53:48,067 - INFO - Saved: docs/企业内部开发/服务端API/高级功能/批量获取申请单ID.mdx
2025-12-02 08:53:49,069 - INFO - Updating 获取申请单详细信息 (local: None, remote: 1716969895)
2025-12-02 08:53:49,069 - INFO - Processing document: 获取申请单详细信息 (ID: 53724)
2025-12-02 08:53:49,370 - INFO - Saved: docs/企业内部开发/服务端API/高级功能/获取申请单详细信息.mdx
2025-12-02 08:53:50,372 - INFO - Updating 接入指引 (local: None, remote: 1717416799)
2025-12-02 08:53:50,372 - INFO - Processing document: 接入指引 (ID: 53575)
2025-12-02 08:53:50,676 - INFO - Saved: docs/企业内部开发/服务端API/数据与智能专区/接入指引.mdx
2025-12-02 08:53:51,677 - INFO - Updating 通用模型 (local: None, remote: 1716951069)
2025-12-02 08:53:51,677 - INFO - Processing document: 通用模型 (ID: 53707)
2025-12-02 08:53:51,982 - INFO - Saved: docs/企业内部开发/服务端API/数据与智能专区/专区程序调用sdk/通用模型.mdx
2025-12-02 08:53:52,983 - INFO - Updating 概述 (local: None, remote: 1717503890)
2025-12-02 08:53:52,983 - INFO - Processing document: 概述 (ID: 53336)
2025-12-02 08:53:53,280 - INFO - Saved: docs/企业内部开发/服务端API/数据与智能专区/专区程序调用sdk/概述.mdx
2025-12-02 08:53:54,282 - INFO - Updating 获取会话记录 (local: None, remote: 1717504804)
2025-12-02 08:53:54,282 - INFO - Processing document: 获取会话记录 (ID: 53341)
2025-12-02 08:53:54,581 - INFO - Saved: docs/企业内部开发/服务端API/数据与智能专区/专区程序调用sdk/获取会话记录.mdx
2025-12-02 08:53:55,583 - INFO - Updating 获取会话同意情况 (local: None, remote: 1717504813)
2025-12-02 08:53:55,583 - INFO - Processing document: 获取会话同意情况 (ID: 53343)
2025-12-02 08:53:55,890 - INFO - Saved: docs/企业内部开发/服务端API/数据与智能专区/专区程序调用sdk/获取会话同意情况.mdx
2025-12-02 08:53:56,891 - INFO - Updating 获取内部群信息 (local: None, remote: 1717504823)
2025-12-02 08:53:56,891 - INFO - Processing document: 获取内部群信息 (ID: 53342)
2025-12-02 08:53:57,187 - INFO - Saved: docs/企业内部开发/服务端API/数据与智能专区/专区程序调用sdk/获取内部群信息.mdx
2025-12-02 08:53:58,188 - INFO - Updating 会话名称搜索 (local: None, remote: 1717504832)
2025-12-02 08:53:58,188 - INFO - Processing document: 会话名称搜索 (ID: 53294)
2025-12-02 08:53:58,483 - INFO - Saved: docs/企业内部开发/服务端API/数据与智能专区/专区程序调用sdk/会话名称搜索.mdx
2025-12-02 08:53:59,484 - INFO - Updating 会话消息搜索 (local: None, remote: 1717504842)
2025-12-02 08:53:59,484 - INFO - Processing document: 会话消息搜索 (ID: 53335)
2025-12-02 08:53:59,782 - INFO - Saved: docs/企业内部开发/服务端API/数据与智能专区/专区程序调用sdk/会话消息搜索.mdx
2025-12-02 08:54:00,784 - INFO - Updating 关键词规则管理 (local: None, remote: 1717504851)
2025-12-02 08:54:00,784 - INFO - Processing document: 关键词规则管理 (ID: 53346)
2025-12-02 08:54:01,097 - INFO - Saved: docs/企业内部开发/服务端API/数据与智能专区/专区程序调用sdk/关键词规则管理.mdx
2025-12-02 08:54:02,098 - INFO - Updating 获取命中关键词规则的会话记录 (local: None, remote: 1717504881)
2025-12-02 08:54:02,098 - INFO - Processing document: 获取命中关键词规则的会话记录 (ID: 53347)
2025-12-02 08:54:02,409 - INFO - Saved: docs/企业内部开发/服务端API/数据与智能专区/专区程序调用sdk/获取命中关键词规则的会话记录.mdx
2025-12-02 08:54:03,411 - INFO - Updating 管理企业知识集 (local: None, remote: 1726130537)
2025-12-02 08:54:03,411 - INFO - Processing document: 管理企业知识集 (ID: 53353)
2025-12-02 08:54:03,723 - INFO - Saved: docs/企业内部开发/服务端API/数据与智能专区/专区程序调用sdk/管理企业知识集.mdx
2025-12-02 08:54:04,725 - INFO - Updating 话术推荐模型 (local: None, remote: 1717504974)
2025-12-02 08:54:04,725 - INFO - Processing document: 话术推荐模型 (ID: 53351)
2025-12-02 08:54:05,021 - INFO - Saved: docs/企业内部开发/服务端API/数据与智能专区/专区程序调用sdk/话术推荐模型.mdx
2025-12-02 08:54:06,023 - INFO - Updating 客户标签模型 (local: None, remote: 1717505027)
2025-12-02 08:54:06,023 - INFO - Processing document: 客户标签模型 (ID: 53350)
2025-12-02 08:54:06,340 - INFO - Saved: docs/企业内部开发/服务端API/数据与智能专区/专区程序调用sdk/客户标签模型.mdx
2025-12-02 08:54:07,341 - INFO - Updating 会话摘要模型 (local: None, remote: 1717505060)
2025-12-02 08:54:07,341 - INFO - Processing document: 会话摘要模型 (ID: 53349)
2025-12-02 08:54:07,641 - INFO - Saved: docs/企业内部开发/服务端API/数据与智能专区/专区程序调用sdk/会话摘要模型.mdx
2025-12-02 08:54:08,643 - INFO - Updating 情感分析模型 (local: None, remote: 1717505122)
2025-12-02 08:54:08,643 - INFO - Processing document: 情感分析模型 (ID: 53348)
2025-12-02 08:54:08,949 - INFO - Saved: docs/企业内部开发/服务端API/数据与智能专区/专区程序调用sdk/情感分析模型.mdx
2025-12-02 08:54:09,951 - INFO - Updating 自有模型分析 (local: None, remote: 1717505374)
2025-12-02 08:54:09,951 - INFO - Processing document: 自有模型分析 (ID: 53352)
2025-12-02 08:54:10,252 - INFO - Saved: docs/企业内部开发/服务端API/数据与智能专区/专区程序调用sdk/自有模型分析.mdx
2025-12-02 08:54:11,254 - INFO - Updating 会话反垃圾分析 (local: None, remote: 1717505393)
2025-12-02 08:54:11,254 - INFO - Processing document: 会话反垃圾分析 (ID: 53354)
2025-12-02 08:54:11,565 - INFO - Saved: docs/企业内部开发/服务端API/数据与智能专区/专区程序调用sdk/会话反垃圾分析.mdx
2025-12-02 08:54:12,567 - INFO - Updating 会话内容导出 (local: None, remote: 1717505414)
2025-12-02 08:54:12,567 - INFO - Processing document: 会话内容导出 (ID: 53355)
2025-12-02 08:54:12,868 - INFO - Saved: docs/企业内部开发/服务端API/数据与智能专区/专区程序调用sdk/会话内容导出.mdx
2025-12-02 08:54:13,870 - INFO - Updating 异步调用自有分析程序 (local: None, remote: 1717505427)
2025-12-02 08:54:13,870 - INFO - Processing document: 异步调用自有分析程序 (ID: 53659)
2025-12-02 08:54:14,225 - INFO - Saved: docs/企业内部开发/服务端API/数据与智能专区/专区程序调用sdk/异步调用自有分析程序.mdx
2025-12-02 08:54:15,227 - INFO - Updating 上报异步任务结果 (local: None, remote: 1717505435)
2025-12-02 08:54:15,227 - INFO - Processing document: 上报异步任务结果 (ID: 53367)
2025-12-02 08:54:15,520 - INFO - Saved: docs/企业内部开发/服务端API/数据与智能专区/专区程序调用sdk/上报异步任务结果.mdx
2025-12-02 08:54:16,521 - INFO - Updating 专区通知应用 (local: None, remote: 1717505445)
2025-12-02 08:54:16,521 - INFO - Processing document: 专区通知应用 (ID: 53408)
2025-12-02 08:54:16,819 - INFO - Saved: docs/企业内部开发/服务端API/数据与智能专区/专区程序调用sdk/专区通知应用.mdx
2025-12-02 08:54:17,821 - INFO - Updating 员工或客户名称搜索 (local: None, remote: 1726196433)
2025-12-02 08:54:17,821 - INFO - Processing document: 员工或客户名称搜索 (ID: 55520)
2025-12-02 08:54:18,118 - INFO - Saved: docs/企业内部开发/服务端API/数据与智能专区/专区程序调用sdk/员工或客户名称搜索.mdx
2025-12-02 08:54:19,119 - INFO - Updating 概述 (local: None, remote: 1717416687)
2025-12-02 08:54:19,120 - INFO - Processing document: 概述 (ID: 53988)
2025-12-02 08:54:19,421 - INFO - Saved: docs/企业内部开发/服务端API/数据与智能专区/概述.mdx
2025-12-02 08:54:20,423 - INFO - Updating 基本概念介绍 (local: None, remote: 1717416739)
2025-12-02 08:54:20,423 - INFO - Processing document: 基本概念介绍 (ID: 53989)
2025-12-02 08:54:20,722 - INFO - Saved: docs/企业内部开发/服务端API/数据与智能专区/基本概念介绍.mdx
2025-12-02 08:54:21,724 - INFO - Updating 镜像文件配置指引 (local: None, remote: 1717503449)
2025-12-02 08:54:21,724 - INFO - Processing document: 镜像文件配置指引 (ID: 54090)
2025-12-02 08:54:22,030 - INFO - Saved: docs/企业内部开发/服务端API/数据与智能专区/镜像文件配置指引.mdx
2025-12-02 08:54:23,032 - INFO - Updating 设置公钥 (local: None, remote: 1717503822)
2025-12-02 08:54:23,032 - INFO - Processing document: 设置公钥 (ID: 51799)
2025-12-02 08:54:23,334 - INFO - Saved: docs/企业内部开发/服务端API/数据与智能专区/基础接口/设置公钥.mdx
2025-12-02 08:54:24,336 - INFO - Updating 获取授权存档的成员列表 (local: None, remote: 1717503831)
2025-12-02 08:54:24,336 - INFO - Processing document: 获取授权存档的成员列表 (ID: 52569)
2025-12-02 08:54:24,641 - INFO - Saved: docs/企业内部开发/服务端API/数据与智能专区/基础接口/获取授权存档的成员列表.mdx
2025-12-02 08:54:25,642 - INFO - Updating 设置专区接收回调事件 (local: None, remote: 1717503839)
2025-12-02 08:54:25,643 - INFO - Processing document: 设置专区接收回调事件 (ID: 53411)
2025-12-02 08:54:25,935 - INFO - Saved: docs/企业内部开发/服务端API/数据与智能专区/基础接口/设置专区接收回调事件.mdx
2025-12-02 08:54:26,937 - INFO - Updating 设置日志打印级别 (local: None, remote: 1721379426)
2025-12-02 08:54:26,937 - INFO - Processing document: 设置日志打印级别 (ID: 54963)
2025-12-02 08:54:27,243 - INFO - Saved: docs/企业内部开发/服务端API/数据与智能专区/基础接口/设置日志打印级别.mdx
2025-12-02 08:54:28,245 - INFO - Updating 会话组件敏感信息隐藏设置 (local: None, remote: 1723789985)
2025-12-02 08:54:28,245 - INFO - Processing document: 会话组件敏感信息隐藏设置 (ID: 52390)
2025-12-02 08:54:28,551 - INFO - Saved: docs/企业内部开发/服务端API/数据与智能专区/基础接口/会话组件敏感信息隐藏设置.mdx
2025-12-02 08:54:29,553 - INFO - Updating 上传临时文件到专区 (local: None, remote: 1724661153)
2025-12-02 08:54:29,553 - INFO - Processing document: 上传临时文件到专区 (ID: 55293)
2025-12-02 08:54:29,853 - INFO - Saved: docs/企业内部开发/服务端API/数据与智能专区/基础接口/上传临时文件到专区.mdx
2025-12-02 08:54:30,855 - INFO - Updating 概述 (local: None, remote: 1717503851)
2025-12-02 08:54:30,855 - INFO - Processing document: 概述 (ID: 53337)
2025-12-02 08:54:31,148 - INFO - Saved: docs/企业内部开发/服务端API/数据与智能专区/应用调用专区程序/概述.mdx
2025-12-02 08:54:32,150 - INFO - Updating  应用同步调用专区程序 (local: None, remote: 1717503863)
2025-12-02 08:54:32,150 - INFO - Processing document:  应用同步调用专区程序 (ID: 53295)
2025-12-02 08:54:32,446 - INFO - Saved: docs/企业内部开发/服务端API/数据与智能专区/应用调用专区程序/应用同步调用专区程序.mdx
2025-12-02 08:54:33,448 - INFO - Updating 应用异步调用专区程序 (local: None, remote: 1717503872)
2025-12-02 08:54:33,448 - INFO - Processing document: 应用异步调用专区程序 (ID: 53296)
2025-12-02 08:54:33,756 - INFO - Saved: docs/企业内部开发/服务端API/数据与智能专区/应用调用专区程序/应用异步调用专区程序.mdx
2025-12-02 08:54:34,757 - INFO - Updating 概述 (local: None, remote: 1717505466)
2025-12-02 08:54:34,757 - INFO - Processing document: 概述 (ID: 53419)
2025-12-02 08:54:35,050 - INFO - Saved: docs/企业内部开发/服务端API/数据与智能专区/专区程序接收事件通知/概述.mdx
2025-12-02 08:54:36,051 - INFO - Updating 客户同意进行聊天内容存档事件回调 (local: None, remote: 1717505483)
2025-12-02 08:54:36,051 - INFO - Processing document: 客户同意进行聊天内容存档事件回调 (ID: 53356)
2025-12-02 08:54:36,347 - INFO - Saved: docs/企业内部开发/服务端API/数据与智能专区/专区程序接收事件通知/客户同意进行聊天内容存档事件回调.mdx
2025-12-02 08:54:37,349 - INFO - Updating 产生会话回调通知 (local: None, remote: 1717505491)
2025-12-02 08:54:37,349 - INFO - Processing document: 产生会话回调通知 (ID: 53357)
2025-12-02 08:54:37,660 - INFO - Saved: docs/企业内部开发/服务端API/数据与智能专区/专区程序接收事件通知/产生会话回调通知.mdx
2025-12-02 08:54:38,662 - INFO - Updating 命中关键词规则通知 (local: None, remote: 1717505501)
2025-12-02 08:54:38,662 - INFO - Processing document: 命中关键词规则通知 (ID: 53358)
2025-12-02 08:54:38,958 - INFO - Saved: docs/企业内部开发/服务端API/数据与智能专区/专区程序接收事件通知/命中关键词规则通知.mdx
2025-12-02 08:54:39,959 - INFO - Updating 知识集管理回调 (local: None, remote: 1717505510)
2025-12-02 08:54:39,959 - INFO - Processing document: 知识集管理回调 (ID: 53081)
2025-12-02 08:54:40,266 - INFO - Saved: docs/企业内部开发/服务端API/数据与智能专区/专区程序接收事件通知/知识集管理回调.mdx
2025-12-02 08:54:41,267 - INFO - Updating 会话内容导出完成通知 (local: None, remote: 1717505519)
2025-12-02 08:54:41,267 - INFO - Processing document: 会话内容导出完成通知 (ID: 53540)
2025-12-02 08:54:41,561 - INFO - Saved: docs/企业内部开发/服务端API/数据与智能专区/专区程序接收事件通知/会话内容导出完成通知.mdx
2025-12-02 08:54:42,562 - INFO - Updating 应用接收专区通知 (local: None, remote: 1717505530)
2025-12-02 08:54:42,562 - INFO - Processing document: 应用接收专区通知 (ID: 53360)
2025-12-02 08:54:42,854 - INFO - Saved: docs/企业内部开发/服务端API/数据与智能专区/应用接收专区通知/应用接收专区通知.mdx
2025-12-02 08:54:43,856 - INFO - Updating 专区程序示例 (local: None, remote: 1717683232)
2025-12-02 08:54:43,856 - INFO - Processing document: 专区程序示例 (ID: 54166)
2025-12-02 08:54:44,399 - INFO - Saved: docs/企业内部开发/服务端API/数据与智能专区/专区程序示例.mdx
2025-12-02 08:54:45,401 - INFO - Updating 专区程序开发指引 (local: None, remote: 1717681482)
2025-12-02 08:54:45,401 - INFO - Processing document: 专区程序开发指引 (ID: 54006)
2025-12-02 08:54:45,937 - INFO - Saved: docs/企业内部开发/服务端API/数据与智能专区/专区程序开发指引.mdx
2025-12-02 08:54:46,939 - INFO - Updating 会话展示组件 (local: None, remote: 1720594791)
2025-12-02 08:54:46,939 - INFO - Processing document: 会话展示组件 (ID: 50920)
2025-12-02 08:54:47,546 - INFO - Saved: docs/企业内部开发/服务端API/数据与智能专区/会话展示组件.mdx
2025-12-02 08:54:48,548 - INFO - Updating 调试说明 (local: None, remote: 1721114052)
2025-12-02 08:54:48,548 - INFO - Processing document: 调试说明 (ID: 54809)
2025-12-02 08:54:48,851 - INFO - Saved: docs/企业内部开发/服务端API/数据与智能专区/专区调试模式/调试说明.mdx
2025-12-02 08:54:49,852 - INFO - Updating 开启专区调试模式 (local: None, remote: 1721114059)
2025-12-02 08:54:49,852 - INFO - Processing document: 开启专区调试模式 (ID: 54810)
2025-12-02 08:54:50,152 - INFO - Saved: docs/企业内部开发/服务端API/数据与智能专区/专区调试模式/开启专区调试模式.mdx
2025-12-02 08:54:51,154 - INFO - Updating 关闭专区调试模式 (local: None, remote: 1721114072)
2025-12-02 08:54:51,154 - INFO - Processing document: 关闭专区调试模式 (ID: 54811)
2025-12-02 08:54:51,446 - INFO - Saved: docs/企业内部开发/服务端API/数据与智能专区/专区调试模式/关闭专区调试模式.mdx
2025-12-02 08:54:52,448 - INFO - Updating 获取专区调试模式状态 (local: None, remote: 1721718576)
2025-12-02 08:54:52,448 - INFO - Processing document: 获取专区调试模式状态 (ID: 55039)
2025-12-02 08:54:52,747 - INFO - Saved: docs/企业内部开发/服务端API/数据与智能专区/专区调试模式/获取专区调试模式状态.mdx
2025-12-02 08:54:53,749 - INFO - Updating 常见问题 (local: None, remote: 1724056519)
2025-12-02 08:54:53,749 - INFO - Processing document: 常见问题 (ID: 55301)
2025-12-02 08:54:54,059 - INFO - Saved: docs/企业内部开发/服务端API/数据与智能专区/常见问题.mdx
2025-12-02 08:54:55,061 - INFO - Updating 专区程序SDK和示例下载 (local: None, remote: 1726824117)
2025-12-02 08:54:55,061 - INFO - Processing document: 专区程序SDK和示例下载 (ID: 55652)
2025-12-02 08:54:55,368 - INFO - Saved: docs/企业内部开发/服务端API/数据与智能专区/专区程序SDK和示例下载.mdx
2025-12-02 08:54:56,369 - INFO - Updating 概述 (local: None, remote: 1710493414)
2025-12-02 08:54:56,369 - INFO - Processing document: 概述 (ID: 10887)
2025-12-02 08:54:56,670 - INFO - Saved: docs/企业内部开发/客户端API/移动端SDK/概述.mdx
2025-12-02 08:54:57,672 - INFO - Updating iOS应用 (local: None, remote: 1540818971)
2025-12-02 08:54:57,672 - INFO - Processing document: iOS应用 (ID: 10721)
2025-12-02 08:54:57,983 - INFO - Saved: docs/企业内部开发/客户端API/移动端SDK/企业微信登录/iOS应用.mdx
2025-12-02 08:54:58,985 - INFO - Updating Android应用 (local: None, remote: 1540818978)
2025-12-02 08:54:58,985 - INFO - Processing document: Android应用 (ID: 10722)
2025-12-02 08:54:59,301 - INFO - Saved: docs/企业内部开发/客户端API/移动端SDK/企业微信登录/Android应用.mdx
2025-12-02 08:55:00,303 - INFO - Updating Harmony应用 (local: None, remote: 1750145880)
2025-12-02 08:55:00,303 - INFO - Processing document: Harmony应用 (ID: 59011)
2025-12-02 08:55:00,609 - INFO - Saved: docs/企业内部开发/客户端API/移动端SDK/企业微信登录/Harmony应用.mdx
2025-12-02 08:55:01,610 - INFO - Updating iOS应用 (local: None, remote: 1540818986)
2025-12-02 08:55:01,610 - INFO - Processing document: iOS应用 (ID: 10947)
2025-12-02 08:55:01,939 - INFO - Saved: docs/企业内部开发/客户端API/移动端SDK/企业微信分享/iOS应用.mdx
2025-12-02 08:55:02,941 - INFO - Updating Android应用 (local: None, remote: 1540818994)
2025-12-02 08:55:02,941 - INFO - Processing document: Android应用 (ID: 10948)
2025-12-02 08:55:03,259 - INFO - Saved: docs/企业内部开发/客户端API/移动端SDK/企业微信分享/Android应用.mdx
2025-12-02 08:55:04,260 - INFO - Updating Harmony应用 (local: None, remote: 1750145892)
2025-12-02 08:55:04,260 - INFO - Processing document: Harmony应用 (ID: 59012)
2025-12-02 08:55:04,563 - INFO - Saved: docs/企业内部开发/客户端API/移动端SDK/企业微信分享/Harmony应用.mdx
2025-12-02 08:55:05,564 - INFO - Updating App跳转微信客服 (local: None, remote: 1626098803)
2025-12-02 08:55:05,564 - INFO - Processing document: App跳转微信客服 (ID: 31329)
2025-12-02 08:55:05,873 - INFO - Saved: docs/企业内部开发/客户端API/移动端SDK/App跳转微信客服.mdx
2025-12-02 08:55:06,875 - INFO - Updating 调起扫一扫 (local: None, remote: 1732695304)
2025-12-02 08:55:06,875 - INFO - Processing document: 调起扫一扫 (ID: 14913)
2025-12-02 08:55:07,175 - INFO - Saved: docs/企业内部开发/客户端API/JS-SDK/系统界面/调起扫一扫.mdx
2025-12-02 08:55:08,176 - INFO - Updating 调起电子发票 (local: None, remote: 1732695316)
2025-12-02 08:55:08,176 - INFO - Processing document: 调起电子发票 (ID: 14914)
2025-12-02 08:55:08,483 - INFO - Saved: docs/企业内部开发/客户端API/JS-SDK/系统界面/调起电子发票.mdx
2025-12-02 08:55:09,484 - INFO - Updating 跳转到认证界面 (local: None, remote: 1732695344)
2025-12-02 08:55:09,485 - INFO - Processing document: 跳转到认证界面 (ID: 16899)
2025-12-02 08:55:09,787 - INFO - Saved: docs/企业内部开发/客户端API/JS-SDK/系统界面/跳转到认证界面.mdx
2025-12-02 08:55:10,788 - INFO - Updating 跳转到小程序 (local: None, remote: 1600691890)
2025-12-02 08:55:10,788 - INFO - Processing document: 跳转到小程序 (ID: 23973)
2025-12-02 08:55:11,082 - INFO - Saved: docs/企业内部开发/客户端API/JS-SDK/系统界面/跳转到小程序.mdx
2025-12-02 08:55:12,084 - INFO - Updating 保持屏幕常亮 (local: None, remote: 1666257465)
2025-12-02 08:55:12,084 - INFO - Processing document: 保持屏幕常亮 (ID: 42733)
2025-12-02 08:55:12,380 - INFO - Saved: docs/企业内部开发/客户端API/JS-SDK/系统界面/保持屏幕常亮.mdx
2025-12-02 08:55:13,381 - INFO - Updating JS-SDK 签名算法 (local: None, remote: 1731567668)
2025-12-02 08:55:13,381 - INFO - Processing document: JS-SDK 签名算法 (ID: 14924)
2025-12-02 08:55:13,682 - INFO - Saved: docs/企业内部开发/客户端API/JS-SDK/附录/JS-SDK 签名算法.mdx
2025-12-02 08:55:14,683 - INFO - Updating 所有菜单项列表 (local: None, remote: 1539774262)
2025-12-02 08:55:14,683 - INFO - Processing document: 所有菜单项列表 (ID: 14926)
2025-12-02 08:55:14,983 - INFO - Saved: docs/企业内部开发/客户端API/JS-SDK/附录/所有菜单项列表.mdx
2025-12-02 08:55:15,984 - INFO - Updating 常见错误及解决方法 (local: None, remote: 1539774301)
2025-12-02 08:55:15,984 - INFO - Processing document: 常见错误及解决方法 (ID: 14927)
2025-12-02 08:55:16,291 - INFO - Saved: docs/企业内部开发/客户端API/JS-SDK/附录/常见错误及解决方法.mdx
2025-12-02 08:55:17,292 - INFO - Updating 概述 (local: None, remote: 1539774681)
2025-12-02 08:55:17,292 - INFO - Processing document: 概述 (ID: 14930)
2025-12-02 08:55:17,591 - INFO - Saved: docs/企业内部开发/客户端API/JS-SDK/开发指南/概述.mdx
2025-12-02 08:55:18,593 - INFO - Updating 开始使用 (local: None, remote: 1539774707)
2025-12-02 08:55:18,593 - INFO - Processing document: 开始使用 (ID: 14931)
2025-12-02 08:55:18,901 - INFO - Saved: docs/企业内部开发/客户端API/JS-SDK/开发指南/开始使用.mdx
2025-12-02 08:55:19,902 - INFO - Updating 聊天工具栏接口 (local: None, remote: 1625218729)
2025-12-02 08:55:19,902 - INFO - Processing document: 聊天工具栏接口 (ID: 17199)
2025-12-02 08:55:20,197 - INFO - Saved: docs/企业内部开发/客户端API/JS-SDK/客户联系/聊天工具栏接口.mdx
2025-12-02 08:55:21,199 - INFO - Updating 外部联系人选人接口 (local: None, remote: 1563765645)
2025-12-02 08:55:21,199 - INFO - Processing document: 外部联系人选人接口 (ID: 17405)
2025-12-02 08:55:22,113 - INFO - Saved: docs/企业内部开发/客户端API/JS-SDK/客户联系/外部联系人选人接口.mdx
2025-12-02 08:55:23,114 - INFO - Updating 打开个人信息页接口 (local: None, remote: 1563765664)
2025-12-02 08:55:23,114 - INFO - Processing document: 打开个人信息页接口 (ID: 17406)
2025-12-02 08:55:23,465 - INFO - Saved: docs/企业内部开发/客户端API/JS-SDK/客户联系/打开个人信息页接口.mdx
2025-12-02 08:55:24,466 - INFO - Updating 进入添加客户界面 (local: None, remote: 1600091845)
2025-12-02 08:55:24,466 - INFO - Processing document: 进入添加客户界面 (ID: 23860)
2025-12-02 08:55:24,824 - INFO - Saved: docs/企业内部开发/客户端API/JS-SDK/客户联系/进入添加客户界面.mdx
2025-12-02 08:55:25,826 - INFO - Updating 群发消息给客户 (local: None, remote: 1607658619)
2025-12-02 08:55:25,826 - INFO - Processing document: 群发消息给客户 (ID: 26772)
2025-12-02 08:55:26,192 - INFO - Saved: docs/企业内部开发/客户端API/JS-SDK/客户联系/群发消息给客户.mdx
2025-12-02 08:55:27,194 - INFO - Updating 群发消息到客户群 (local: None, remote: 1607658641)
2025-12-02 08:55:27,194 - INFO - Processing document: 群发消息到客户群 (ID: 26773)
2025-12-02 08:55:27,550 - INFO - Saved: docs/企业内部开发/客户端API/JS-SDK/客户联系/群发消息到客户群.mdx
2025-12-02 08:55:28,552 - INFO - Updating 发表内容到客户朋友圈 (local: None, remote: 1628754964)
2025-12-02 08:55:28,552 - INFO - Processing document: 发表内容到客户朋友圈 (ID: 30863)
2025-12-02 08:55:28,912 - INFO - Saved: docs/企业内部开发/客户端API/JS-SDK/客户联系/发表内容到客户朋友圈.mdx
2025-12-02 08:55:29,914 - INFO - Updating 设置朋友圈封面与签名 (local: None, remote: 1626099793)
2025-12-02 08:55:29,914 - INFO - Processing document: 设置朋友圈封面与签名 (ID: 31844)
2025-12-02 08:55:30,269 - INFO - Saved: docs/企业内部开发/客户端API/JS-SDK/客户联系/设置朋友圈封面与签名.mdx
2025-12-02 08:55:31,271 - INFO - Updating 选择通讯录成员 (local: None, remote: 1731572499)
2025-12-02 08:55:31,271 - INFO - Processing document: 选择通讯录成员 (ID: 17404)
2025-12-02 08:55:31,630 - INFO - Saved: docs/企业内部开发/客户端API/JS-SDK/企业通讯录/选择通讯录成员.mdx
2025-12-02 08:55:32,631 - INFO - Updating 打开个人信息页接口 (local: None, remote: 1563765557)
2025-12-02 08:55:32,631 - INFO - Processing document: 打开个人信息页接口 (ID: 17406)
2025-12-02 08:55:32,979 - INFO - Saved: docs/企业内部开发/客户端API/JS-SDK/企业通讯录/打开个人信息页接口.mdx
2025-12-02 08:55:33,980 - INFO - Updating 企业互联/上下游选人接口 (local: None, remote: 1637575129)
2025-12-02 08:55:33,980 - INFO - Processing document: 企业互联/上下游选人接口 (ID: 28678)
2025-12-02 08:55:34,348 - INFO - Saved: docs/企业内部开发/客户端API/JS-SDK/企业通讯录/企业互联上下游选人接口.mdx
2025-12-02 08:55:35,349 - INFO - Updating 认领老师班级 (local: None, remote: 1619078680)
2025-12-02 08:55:35,349 - INFO - Processing document: 认领老师班级 (ID: 29897)
2025-12-02 08:55:35,706 - INFO - Saved: docs/企业内部开发/客户端API/JS-SDK/企业通讯录/认领老师班级.mdx
2025-12-02 08:55:36,708 - INFO - Updating 打开会话 (local: None, remote: 1576486844)
2025-12-02 08:55:36,708 - INFO - Processing document: 打开会话 (ID: 14929)
2025-12-02 08:55:37,065 - INFO - Saved: docs/企业内部开发/客户端API/JS-SDK/会话/打开会话.mdx
2025-12-02 08:55:38,066 - INFO - Updating 变更群成员 (local: None, remote: 1603510499)
2025-12-02 08:55:38,067 - INFO - Processing document: 变更群成员 (ID: 24598)
2025-12-02 08:55:38,421 - INFO - Saved: docs/企业内部开发/客户端API/JS-SDK/会话/变更群成员.mdx
2025-12-02 08:55:39,422 - INFO - Updating 打开个人聊天窗口schema (local: None, remote: 1616663062)
2025-12-02 08:55:39,422 - INFO - Processing document: 打开个人聊天窗口schema (ID: 27500)
2025-12-02 08:55:39,782 - INFO - Saved: docs/企业内部开发/客户端API/JS-SDK/会话/打开个人聊天窗口schema.mdx
2025-12-02 08:55:40,783 - INFO - Updating 创建企业互联/上下游会话 (local: None, remote: 1637573816)
2025-12-02 08:55:40,783 - INFO - Processing document: 创建企业互联/上下游会话 (ID: 29881)
2025-12-02 08:55:41,135 - INFO - Saved: docs/企业内部开发/客户端API/JS-SDK/会话/创建企业互联上下游会话.mdx
2025-12-02 08:55:42,136 - INFO - Updating 变更企业互联/上下游群成员 (local: None, remote: 1663915536)
2025-12-02 08:55:42,136 - INFO - Processing document: 变更企业互联/上下游群成员 (ID: 29888)
2025-12-02 08:55:42,493 - INFO - Saved: docs/企业内部开发/客户端API/JS-SDK/会话/变更企业互联上下游群成员.mdx
2025-12-02 08:55:43,494 - INFO - Updating 打开已有群聊并发送消息 (local: None, remote: 1621823868)
2025-12-02 08:55:43,494 - INFO - Processing document: 打开已有群聊并发送消息 (ID: 30294)
2025-12-02 08:55:43,850 - INFO - Saved: docs/企业内部开发/客户端API/JS-SDK/会话/打开已有群聊并发送消息.mdx
2025-12-02 08:55:44,851 - INFO - Updating ww.checkJsApi (local: None, remote: 1731569181)
2025-12-02 08:55:44,852 - INFO - Processing document: ww.checkJsApi (ID: 29483)
2025-12-02 08:55:45,244 - INFO - Saved: docs/企业内部开发/客户端API/JS-SDK/基础接口/ww.checkJsApi.mdx
2025-12-02 08:55:46,245 - INFO - Updating ww.register (local: None, remote: 1733210364)
2025-12-02 08:55:46,245 - INFO - Processing document: ww.register (ID: 29484)
2025-12-02 08:55:46,613 - INFO - Saved: docs/企业内部开发/客户端API/JS-SDK/基础接口/ww.register.mdx
2025-12-02 08:55:47,614 - INFO - Updating ww.getContext (local: None, remote: 1744201934)
2025-12-02 08:55:47,614 - INFO - Processing document: ww.getContext (ID: 21950)
2025-12-02 08:55:47,982 - INFO - Saved: docs/企业内部开发/客户端API/JS-SDK/基础接口/ww.getContext.mdx
2025-12-02 08:55:48,984 - INFO - Updating ww.getSignature (local: None, remote: 1733210393)
2025-12-02 08:55:48,984 - INFO - Processing document: ww.getSignature (ID: 46259)
2025-12-02 08:55:49,342 - INFO - Saved: docs/企业内部开发/客户端API/JS-SDK/基础接口/ww.getSignature.mdx
2025-12-02 08:55:50,343 - INFO - Updating 聊天工具栏接口 (local: None, remote: 1733284204)
2025-12-02 08:55:50,343 - INFO - Processing document: 聊天工具栏接口 (ID: 31437)
2025-12-02 08:55:50,694 - INFO - Saved: docs/企业内部开发/客户端API/JS-SDK/微信客服/聊天工具栏接口.mdx
2025-12-02 08:55:51,696 - INFO - Updating 进入微信客服消息界面 (local: None, remote: 1626338914)
2025-12-02 08:55:51,696 - INFO - Processing document: 进入微信客服消息界面 (ID: 31969)
2025-12-02 08:55:52,043 - INFO - Saved: docs/企业内部开发/客户端API/JS-SDK/微信客服/进入微信客服消息界面.mdx
2025-12-02 08:55:53,044 - INFO - Updating 发起班级收款 (local: None, remote: 1625148521)
2025-12-02 08:55:53,044 - INFO - Processing document: 发起班级收款 (ID: 30233)
2025-12-02 08:55:53,406 - INFO - Saved: docs/企业内部开发/客户端API/JS-SDK/家校沟通/发起班级收款.mdx
2025-12-02 08:55:54,408 - INFO - Updating 微信H5页面唤起填写学生资料页面 (local: None, remote: 1628649719)
2025-12-02 08:55:54,408 - INFO - Processing document: 微信H5页面唤起填写学生资料页面 (ID: 30680)
2025-12-02 08:55:54,755 - INFO - Saved: docs/企业内部开发/客户端API/JS-SDK/家校沟通/微信H5页面唤起填写学生资料页面.mdx
2025-12-02 08:55:55,756 - INFO - Updating 微信进入居民上报小程序 (local: None, remote: 1628651161)
2025-12-02 08:55:55,756 - INFO - Processing document: 微信进入居民上报小程序 (ID: 33965)
2025-12-02 08:55:56,112 - INFO - Saved: docs/企业内部开发/客户端API/JS-SDK/政民沟通/微信进入居民上报小程序.mdx
2025-12-02 08:55:57,113 - INFO - Updating 打开应用管理页面 (local: None, remote: 1654773137)
2025-12-02 08:55:57,114 - INFO - Processing document: 打开应用管理页面 (ID: 37530)
2025-12-02 08:55:57,467 - INFO - Saved: docs/企业内部开发/客户端API/JS-SDK/应用管理/打开应用管理页面.mdx
2025-12-02 08:55:58,468 - INFO - Updating 上下游聊天工具栏 (local: None, remote: 1731575065)
2025-12-02 08:55:58,468 - INFO - Processing document: 上下游聊天工具栏 (ID: 38718)
2025-12-02 08:55:58,819 - INFO - Saved: docs/企业内部开发/客户端API/JS-SDK/上下游/上下游聊天工具栏.mdx
2025-12-02 08:55:59,821 - INFO - Updating 获取上下游联系人ID (local: None, remote: 1731575083)
2025-12-02 08:55:59,821 - INFO - Processing document: 获取上下游联系人ID (ID: 45926)
2025-12-02 08:56:00,173 - INFO - Saved: docs/企业内部开发/客户端API/JS-SDK/上下游/获取上下游联系人ID.mdx
2025-12-02 08:56:01,174 - INFO - Updating 获取上下游互联群ID (local: None, remote: 1731575091)
2025-12-02 08:56:01,174 - INFO - Processing document: 获取上下游互联群ID (ID: 45927)
2025-12-02 08:56:01,537 - INFO - Saved: docs/企业内部开发/客户端API/JS-SDK/上下游/获取上下游互联群ID.mdx
2025-12-02 08:56:02,538 - INFO - Updating 发起对外收款 (local: None, remote: 1657179568)
2025-12-02 08:56:02,538 - INFO - Processing document: 发起对外收款 (ID: 39955)
2025-12-02 08:56:02,891 - INFO - Saved: docs/企业内部开发/客户端API/JS-SDK/对外收款/发起对外收款.mdx
2025-12-02 08:56:03,892 - INFO - Updating 发起退款 (local: None, remote: 1657179594)
2025-12-02 08:56:03,892 - INFO - Processing document: 发起退款 (ID: 39957)
2025-12-02 08:56:04,247 - INFO - Saved: docs/企业内部开发/客户端API/JS-SDK/对外收款/发起退款.mdx
2025-12-02 08:56:05,249 - INFO - Updating 审批控件中的外部选项 (local: None, remote: 1663820452)
2025-12-02 08:56:05,249 - INFO - Processing document: 审批控件中的外部选项 (ID: 42297)
2025-12-02 08:56:05,616 - INFO - Saved: docs/企业内部开发/客户端API/JS-SDK/审批/审批控件中的外部选项.mdx
2025-12-02 08:56:06,617 - INFO - Updating 应用发起审批 (local: None, remote: 1665282155)
2025-12-02 08:56:06,617 - INFO - Processing document: 应用发起审批 (ID: 42574)
2025-12-02 08:56:06,977 - INFO - Saved: docs/企业内部开发/客户端API/JS-SDK/审批/应用发起审批.mdx
2025-12-02 08:56:07,978 - INFO - Updating  保存选择的选项 (local: None, remote: 1733296180)
2025-12-02 08:56:07,978 - INFO - Processing document:  保存选择的选项 (ID: 57163)
2025-12-02 08:56:08,336 - INFO - Saved: docs/企业内部开发/客户端API/JS-SDK/审批/保存选择的选项.mdx
2025-12-02 08:56:09,338 - INFO - Updating 获取已选择的选项 (local: None, remote: 1733296233)
2025-12-02 08:56:09,338 - INFO - Processing document: 获取已选择的选项 (ID: 57164)
2025-12-02 08:56:09,700 - INFO - Saved: docs/企业内部开发/客户端API/JS-SDK/审批/获取已选择的选项.mdx
2025-12-02 08:56:10,702 - INFO - Updating 创建文档 (local: None, remote: 1671690952)
2025-12-02 08:56:10,702 - INFO - Processing document: 创建文档 (ID: 45135)
2025-12-02 08:56:11,061 - INFO - Saved: docs/企业内部开发/客户端API/JS-SDK/文档/创建文档.mdx
2025-12-02 08:56:12,063 - INFO - Updating 选择文档 (local: None, remote: 1684415332)
2025-12-02 08:56:12,063 - INFO - Processing document: 选择文档 (ID: 48966)
2025-12-02 08:56:12,421 - INFO - Saved: docs/企业内部开发/客户端API/JS-SDK/文档/选择文档.mdx
2025-12-02 08:56:13,422 - INFO - Updating 文件/文档标题展示组件 (local: None, remote: 1689864139)
2025-12-02 08:56:13,422 - INFO - Processing document: 文件/文档标题展示组件 (ID: 49823)
2025-12-02 08:56:13,775 - INFO - Saved: docs/企业内部开发/客户端API/JS-SDK/文档/文件文档标题展示组件.mdx
2025-12-02 08:56:14,777 - INFO - Updating 创建企业微信登录面板 (local: None, remote: 1676966106)
2025-12-02 08:56:14,777 - INFO - Processing document: 创建企业微信登录面板 (ID: 45969)
2025-12-02 08:56:15,148 - INFO - Saved: docs/企业内部开发/客户端API/JS-SDK/开放接口/创建企业微信登录面板.mdx
2025-12-02 08:56:16,149 - INFO - Updating 选择目录位置 (local: None, remote: 1684415601)
2025-12-02 08:56:16,149 - INFO - Processing document: 选择目录位置 (ID: 40357)
2025-12-02 08:56:16,508 - INFO - Saved: docs/企业内部开发/客户端API/JS-SDK/微盘/选择目录位置.mdx
2025-12-02 08:56:17,510 - INFO - Updating 选择文件 (local: None, remote: 1684415142)
2025-12-02 08:56:17,510 - INFO - Processing document: 选择文件 (ID: 48964)
2025-12-02 08:56:17,870 - INFO - Saved: docs/企业内部开发/客户端API/JS-SDK/微盘/选择文件.mdx
2025-12-02 08:56:18,872 - INFO - Updating 文件/文档标题展示组件 (local: None, remote: 1689864156)
2025-12-02 08:56:18,872 - INFO - Processing document: 文件/文档标题展示组件 (ID: 49823)
2025-12-02 08:56:19,221 - INFO - Saved: docs/企业内部开发/客户端API/JS-SDK/微盘/文件文档标题展示组件.mdx
2025-12-02 08:56:20,223 - INFO - Updating 概述 (local: None, remote: 1732695072)
2025-12-02 08:56:20,223 - INFO - Processing document: 概述 (ID: 14911)
2025-12-02 08:56:20,572 - INFO - Saved: docs/企业内部开发/客户端API/JS-SDK/分享/概述.mdx
2025-12-02 08:56:21,574 - INFO - Updating 监听「转发」按钮点击 (local: None, remote: 1732695072)
2025-12-02 08:56:21,574 - INFO - Processing document: 监听「转发」按钮点击 (ID: 45902)
2025-12-02 08:56:21,946 - INFO - Saved: docs/企业内部开发/客户端API/JS-SDK/分享/监听「转发」按钮点击.mdx
2025-12-02 08:56:22,947 - INFO - Updating 监听「微信」按钮点击 (local: None, remote: 1732695073)
2025-12-02 08:56:22,948 - INFO - Processing document: 监听「微信」按钮点击 (ID: 45932)
2025-12-02 08:56:23,311 - INFO - Saved: docs/企业内部开发/客户端API/JS-SDK/分享/监听「微信」按钮点击.mdx
2025-12-02 08:56:24,312 - INFO - Updating 监听「朋友圈」按钮点击 (local: None, remote: 1732695073)
2025-12-02 08:56:24,312 - INFO - Processing document: 监听「朋友圈」按钮点击 (ID: 45933)
2025-12-02 08:56:24,668 - INFO - Saved: docs/企业内部开发/客户端API/JS-SDK/分享/监听「朋友圈」按钮点击.mdx
2025-12-02 08:56:25,669 - INFO - Updating 自定义转发到会话 (local: None, remote: 1732695073)
2025-12-02 08:56:25,669 - INFO - Processing document: 自定义转发到会话 (ID: 45935)
2025-12-02 08:56:26,036 - INFO - Saved: docs/企业内部开发/客户端API/JS-SDK/分享/自定义转发到会话.mdx
2025-12-02 08:56:27,038 - INFO - Updating 自定义转发到微信 (local: None, remote: 1732695073)
2025-12-02 08:56:27,038 - INFO - Processing document: 自定义转发到微信 (ID: 45936)
2025-12-02 08:56:27,403 - INFO - Saved: docs/企业内部开发/客户端API/JS-SDK/分享/自定义转发到微信.mdx
2025-12-02 08:56:28,405 - INFO - Updating 概述 (local: None, remote: 1732695111)
2025-12-02 08:56:28,405 - INFO - Processing document: 概述 (ID: 30191)
2025-12-02 08:56:28,769 - INFO - Saved: docs/企业内部开发/客户端API/JS-SDK/私密分享/概述.mdx
2025-12-02 08:56:29,771 - INFO - Updating 设置私密消息 (local: None, remote: 1732695112)
2025-12-02 08:56:29,771 - INFO - Processing document: 设置私密消息 (ID: 56726)
2025-12-02 08:56:30,131 - INFO - Saved: docs/企业内部开发/客户端API/JS-SDK/私密分享/设置私密消息.mdx
2025-12-02 08:56:31,132 - INFO - Updating 获取私密消息Ticket (local: None, remote: 1732695112)
2025-12-02 08:56:31,133 - INFO - Processing document: 获取私密消息Ticket (ID: 56727)
2025-12-02 08:56:31,496 - INFO - Saved: docs/企业内部开发/客户端API/JS-SDK/私密分享/获取私密消息Ticket.mdx
2025-12-02 08:56:32,497 - INFO - Updating 获取私密消息信息 (local: None, remote: 1732695112)
2025-12-02 08:56:32,497 - INFO - Processing document: 获取私密消息信息 (ID: 56728)
2025-12-02 08:56:32,858 - INFO - Saved: docs/企业内部开发/客户端API/JS-SDK/私密分享/获取私密消息信息.mdx
2025-12-02 08:56:33,860 - INFO - Updating 开始录音 (local: None, remote: 1732695459)
2025-12-02 08:56:33,860 - INFO - Processing document: 开始录音 (ID: 14916)
2025-12-02 08:56:34,213 - INFO - Saved: docs/企业内部开发/客户端API/JS-SDK/音频/开始录音.mdx
2025-12-02 08:56:35,214 - INFO - Updating 停止录音 (local: None, remote: 1732695459)
2025-12-02 08:56:35,214 - INFO - Processing document: 停止录音 (ID: 45960)
2025-12-02 08:56:35,565 - INFO - Saved: docs/企业内部开发/客户端API/JS-SDK/音频/停止录音.mdx
2025-12-02 08:56:36,567 - INFO - Updating 监听录音自动停止 (local: None, remote: 1732695460)
2025-12-02 08:56:36,567 - INFO - Processing document: 监听录音自动停止 (ID: 45961)
2025-12-02 08:56:36,917 - INFO - Saved: docs/企业内部开发/客户端API/JS-SDK/音频/监听录音自动停止.mdx
2025-12-02 08:56:37,918 - INFO - Updating 播放语音 (local: None, remote: 1732695460)
2025-12-02 08:56:37,918 - INFO - Processing document: 播放语音 (ID: 45962)
2025-12-02 08:56:38,268 - INFO - Saved: docs/企业内部开发/客户端API/JS-SDK/音频/播放语音.mdx
2025-12-02 08:56:39,270 - INFO - Updating 暂停播放 (local: None, remote: 1732695460)
2025-12-02 08:56:39,270 - INFO - Processing document: 暂停播放 (ID: 45963)
2025-12-02 08:56:39,626 - INFO - Saved: docs/企业内部开发/客户端API/JS-SDK/音频/暂停播放.mdx
2025-12-02 08:56:40,627 - INFO - Updating 停止播放 (local: None, remote: 1732695460)
2025-12-02 08:56:40,628 - INFO - Processing document: 停止播放 (ID: 45964)
2025-12-02 08:56:40,976 - INFO - Saved: docs/企业内部开发/客户端API/JS-SDK/音频/停止播放.mdx
2025-12-02 08:56:41,977 - INFO - Updating 监听播放完毕 (local: None, remote: 1732695461)
2025-12-02 08:56:41,977 - INFO - Processing document: 监听播放完毕 (ID: 45965)
2025-12-02 08:56:42,334 - INFO - Saved: docs/企业内部开发/客户端API/JS-SDK/音频/监听播放完毕.mdx
2025-12-02 08:56:43,335 - INFO - Updating 上传语音 (local: None, remote: 1732695461)
2025-12-02 08:56:43,336 - INFO - Processing document: 上传语音 (ID: 45966)
2025-12-02 08:56:43,691 - INFO - Saved: docs/企业内部开发/客户端API/JS-SDK/音频/上传语音.mdx
2025-12-02 08:56:44,692 - INFO - Updating 下载语音 (local: None, remote: 1732695461)
2025-12-02 08:56:44,692 - INFO - Processing document: 下载语音 (ID: 45967)
2025-12-02 08:56:45,051 - INFO - Saved: docs/企业内部开发/客户端API/JS-SDK/音频/下载语音.mdx
2025-12-02 08:56:46,053 - INFO - Updating 语音转文字 (local: None, remote: 1732695461)
2025-12-02 08:56:46,053 - INFO - Processing document: 语音转文字 (ID: 45968)
2025-12-02 08:56:46,413 - INFO - Saved: docs/企业内部开发/客户端API/JS-SDK/音频/语音转文字.mdx
2025-12-02 08:56:47,414 - INFO - Updating 预览文件 (local: None, remote: 1732695542)
2025-12-02 08:56:47,414 - INFO - Processing document: 预览文件 (ID: 14917)
2025-12-02 08:56:47,774 - INFO - Saved: docs/企业内部开发/客户端API/JS-SDK/文件/预览文件.mdx
2025-12-02 08:56:48,776 - INFO - Updating 从会话选择文件 (local: None, remote: 1732695543)
2025-12-02 08:56:48,776 - INFO - Processing document: 从会话选择文件 (ID: 34301)
2025-12-02 08:56:49,138 - INFO - Saved: docs/企业内部开发/客户端API/JS-SDK/文件/从会话选择文件.mdx
2025-12-02 08:56:50,139 - INFO - Updating 获取本地临时文件 (local: None, remote: 1733305628)
2025-12-02 08:56:50,139 - INFO - Processing document: 获取本地临时文件 (ID: 56784)
2025-12-02 08:56:50,498 - INFO - Saved: docs/企业内部开发/客户端API/JS-SDK/文件/获取本地临时文件.mdx
2025-12-02 08:56:51,500 - INFO - Updating Wi-Fi-概述 (local: None, remote: 1732695588)
2025-12-02 08:56:51,500 - INFO - Processing document: Wi-Fi-概述 (ID: 14918)
2025-12-02 08:56:51,858 - INFO - Saved: docs/企业内部开发/客户端API/JS-SDK/Wi-Fi/Wi-Fi-概述.mdx
2025-12-02 08:56:52,859 - INFO - Updating 初始化 Wi-Fi 模块 (local: None, remote: 1732695588)
2025-12-02 08:56:52,859 - INFO - Processing document: 初始化 Wi-Fi 模块 (ID: 45981)
2025-12-02 08:56:53,210 - INFO - Saved: docs/企业内部开发/客户端API/JS-SDK/Wi-Fi/初始化 Wi-Fi 模块.mdx
2025-12-02 08:56:54,211 - INFO - Updating 关闭 Wi-Fi 模块 (local: None, remote: 1732695588)
2025-12-02 08:56:54,211 - INFO - Processing document: 关闭 Wi-Fi 模块 (ID: 45982)
2025-12-02 08:56:54,566 - INFO - Saved: docs/企业内部开发/客户端API/JS-SDK/Wi-Fi/关闭 Wi-Fi 模块.mdx
2025-12-02 08:56:55,567 - INFO - Updating 连接 Wi-Fi (local: None, remote: 1732695588)
2025-12-02 08:56:55,567 - INFO - Processing document: 连接 Wi-Fi (ID: 45983)
2025-12-02 08:56:55,925 - INFO - Saved: docs/企业内部开发/客户端API/JS-SDK/Wi-Fi/连接 Wi-Fi.mdx
2025-12-02 08:56:56,926 - INFO - Updating 获取 Wi-Fi 列表 (local: None, remote: 1732695589)
2025-12-02 08:56:56,926 - INFO - Processing document: 获取 Wi-Fi 列表 (ID: 45984)
2025-12-02 08:56:57,283 - INFO - Saved: docs/企业内部开发/客户端API/JS-SDK/Wi-Fi/获取 Wi-Fi 列表.mdx
2025-12-02 08:56:58,284 - INFO - Updating 监听 Wi-Fi 列表更新 (local: None, remote: 1732695589)
2025-12-02 08:56:58,284 - INFO - Processing document: 监听 Wi-Fi 列表更新 (ID: 45985)
2025-12-02 08:56:58,636 - INFO - Saved: docs/企业内部开发/客户端API/JS-SDK/Wi-Fi/监听 Wi-Fi 列表更新.mdx
2025-12-02 08:56:59,637 - INFO - Updating 监听 Wi-Fi 连接成功 (local: None, remote: 1732695589)
2025-12-02 08:56:59,637 - INFO - Processing document: 监听 Wi-Fi 连接成功 (ID: 45986)
2025-12-02 08:56:59,990 - INFO - Saved: docs/企业内部开发/客户端API/JS-SDK/Wi-Fi/监听 Wi-Fi 连接成功.mdx
2025-12-02 08:57:00,991 - INFO - Updating 获取已连接中的 Wi-Fi 信息 (local: None, remote: 1732695589)
2025-12-02 08:57:00,991 - INFO - Processing document: 获取已连接中的 Wi-Fi 信息 (ID: 45987)
2025-12-02 08:57:01,363 - INFO - Saved: docs/企业内部开发/客户端API/JS-SDK/Wi-Fi/获取已连接中的 Wi-Fi 信息.mdx
2025-12-02 08:57:02,364 - INFO - Updating 概述 (local: None, remote: 1733219456)
2025-12-02 08:57:02,364 - INFO - Processing document: 概述 (ID: 14919)
2025-12-02 08:57:02,732 - INFO - Saved: docs/企业内部开发/客户端API/JS-SDK/蓝牙/概述.mdx
2025-12-02 08:57:03,733 - INFO - Updating 初始化蓝牙模块 (local: None, remote: 1732695618)
2025-12-02 08:57:03,733 - INFO - Processing document: 初始化蓝牙模块 (ID: 45992)
2025-12-02 08:57:04,087 - INFO - Saved: docs/企业内部开发/客户端API/JS-SDK/蓝牙/初始化蓝牙模块.mdx
2025-12-02 08:57:05,088 - INFO - Updating 关闭蓝牙模块 (local: None, remote: 1732695618)
2025-12-02 08:57:05,088 - INFO - Processing document: 关闭蓝牙模块 (ID: 45993)
2025-12-02 08:57:05,438 - INFO - Saved: docs/企业内部开发/客户端API/JS-SDK/蓝牙/关闭蓝牙模块.mdx
2025-12-02 08:57:06,439 - INFO - Updating 获取本机蓝牙状态 (local: None, remote: 1732695619)
2025-12-02 08:57:06,440 - INFO - Processing document: 获取本机蓝牙状态 (ID: 45994)
2025-12-02 08:57:06,792 - INFO - Saved: docs/企业内部开发/客户端API/JS-SDK/蓝牙/获取本机蓝牙状态.mdx
2025-12-02 08:57:07,793 - INFO - Updating 监听蓝牙状态变化 (local: None, remote: 1732695619)
2025-12-02 08:57:07,793 - INFO - Processing document: 监听蓝牙状态变化 (ID: 45995)
2025-12-02 08:57:08,144 - INFO - Saved: docs/企业内部开发/客户端API/JS-SDK/蓝牙/监听蓝牙状态变化.mdx
2025-12-02 08:57:09,146 - INFO - Updating 开始搜寻附近的蓝牙外围设备 (local: None, remote: 1732695619)
2025-12-02 08:57:09,146 - INFO - Processing document: 开始搜寻附近的蓝牙外围设备 (ID: 45996)
2025-12-02 08:57:09,501 - INFO - Saved: docs/企业内部开发/客户端API/JS-SDK/蓝牙/开始搜寻附近的蓝牙外围设备.mdx
2025-12-02 08:57:10,503 - INFO - Updating 停止搜寻蓝牙外围设备 (local: None, remote: 1732695619)
2025-12-02 08:57:10,503 - INFO - Processing document: 停止搜寻蓝牙外围设备 (ID: 45997)
2025-12-02 08:57:10,887 - INFO - Saved: docs/企业内部开发/客户端API/JS-SDK/蓝牙/停止搜寻蓝牙外围设备.mdx
2025-12-02 08:57:11,888 - INFO - Updating 获取已发现的蓝牙设备 (local: None, remote: 1732695619)
2025-12-02 08:57:11,888 - INFO - Processing document: 获取已发现的蓝牙设备 (ID: 45998)
2025-12-02 08:57:12,253 - INFO - Saved: docs/企业内部开发/客户端API/JS-SDK/蓝牙/获取已发现的蓝牙设备.mdx
2025-12-02 08:57:13,254 - INFO - Updating 监听寻找到新设备 (local: None, remote: 1732695620)
2025-12-02 08:57:13,254 - INFO - Processing document: 监听寻找到新设备 (ID: 45999)
2025-12-02 08:57:13,614 - INFO - Saved: docs/企业内部开发/客户端API/JS-SDK/蓝牙/监听寻找到新设备.mdx
2025-12-02 08:57:14,615 - INFO - Updating 获取已连接状态的设备 (local: None, remote: 1732695620)
2025-12-02 08:57:14,615 - INFO - Processing document: 获取已连接状态的设备 (ID: 46000)
2025-12-02 08:57:14,979 - INFO - Saved: docs/企业内部开发/客户端API/JS-SDK/蓝牙/获取已连接状态的设备.mdx
2025-12-02 08:57:15,981 - INFO - Updating 连接BLE设备 (local: None, remote: 1732695644)
2025-12-02 08:57:15,981 - INFO - Processing document: 连接BLE设备 (ID: 46012)
2025-12-02 08:57:16,340 - INFO - Saved: docs/企业内部开发/客户端API/JS-SDK/蓝牙（BLE）/连接BLE设备.mdx
2025-12-02 08:57:17,341 - INFO - Updating 断开设备连接 (local: None, remote: 1732695644)
2025-12-02 08:57:17,341 - INFO - Processing document: 断开设备连接 (ID: 46014)
2025-12-02 08:57:17,690 - INFO - Saved: docs/企业内部开发/客户端API/JS-SDK/蓝牙（BLE）/断开设备连接.mdx
2025-12-02 08:57:18,692 - INFO - Updating 监听BLE设备连接状态 (local: None, remote: 1732695645)
2025-12-02 08:57:18,692 - INFO - Processing document: 监听BLE设备连接状态 (ID: 46015)
2025-12-02 08:57:19,039 - INFO - Saved: docs/企业内部开发/客户端API/JS-SDK/蓝牙（BLE）/监听BLE设备连接状态.mdx
2025-12-02 08:57:20,041 - INFO - Updating 获取BLE设备所有服务 (local: None, remote: 1732695645)
2025-12-02 08:57:20,041 - INFO - Processing document: 获取BLE设备所有服务 (ID: 46016)
2025-12-02 08:57:20,402 - INFO - Saved: docs/企业内部开发/客户端API/JS-SDK/蓝牙（BLE）/获取BLE设备所有服务.mdx
2025-12-02 08:57:21,403 - INFO - Updating 获取BLE设备特征值 (local: None, remote: 1732695645)
2025-12-02 08:57:21,403 - INFO - Processing document: 获取BLE设备特征值 (ID: 46018)
2025-12-02 08:57:21,772 - INFO - Saved: docs/企业内部开发/客户端API/JS-SDK/蓝牙（BLE）/获取BLE设备特征值.mdx
2025-12-02 08:57:22,773 - INFO - Updating 读取BLE设备特征值数据 (local: None, remote: 1732695645)
2025-12-02 08:57:22,773 - INFO - Processing document: 读取BLE设备特征值数据 (ID: 46019)
2025-12-02 08:57:23,131 - INFO - Saved: docs/企业内部开发/客户端API/JS-SDK/蓝牙（BLE）/读取BLE设备特征值数据.mdx
2025-12-02 08:57:24,132 - INFO - Updating 写入BLE设备特征值数据 (local: None, remote: 1732695645)
2025-12-02 08:57:24,132 - INFO - Processing document: 写入BLE设备特征值数据 (ID: 46020)
2025-12-02 08:57:24,494 - INFO - Saved: docs/企业内部开发/客户端API/JS-SDK/蓝牙（BLE）/写入BLE设备特征值数据.mdx
2025-12-02 08:57:25,495 - INFO - Updating 启用BLE设备特征值订阅 (local: None, remote: 1732695646)
2025-12-02 08:57:25,496 - INFO - Processing document: 启用BLE设备特征值订阅 (ID: 46021)
2025-12-02 08:57:25,854 - INFO - Saved: docs/企业内部开发/客户端API/JS-SDK/蓝牙（BLE）/启用BLE设备特征值订阅.mdx
2025-12-02 08:57:26,855 - INFO - Updating 监听BLE设备特征值变化 (local: None, remote: 1732695646)
2025-12-02 08:57:26,855 - INFO - Processing document: 监听BLE设备特征值变化 (ID: 46022)
2025-12-02 08:57:27,211 - INFO - Saved: docs/企业内部开发/客户端API/JS-SDK/蓝牙（BLE）/监听BLE设备特征值变化.mdx
2025-12-02 08:57:28,213 - INFO - Updating 概述 (local: None, remote: 1733219488)
2025-12-02 08:57:28,213 - INFO - Processing document: 概述 (ID: 57087)
2025-12-02 08:57:28,629 - INFO - Saved: docs/企业内部开发/客户端API/JS-SDK/蓝牙（BLE）/概述.mdx
2025-12-02 08:57:29,630 - INFO - Updating 概述 (local: None, remote: 1733219530)
2025-12-02 08:57:29,630 - INFO - Processing document: 概述 (ID: 14920)
2025-12-02 08:57:29,991 - INFO - Saved: docs/企业内部开发/客户端API/JS-SDK/iBeacon/概述.mdx
2025-12-02 08:57:30,993 - INFO - Updating 搜索附近设备 (local: None, remote: 1732695669)
2025-12-02 08:57:30,993 - INFO - Processing document: 搜索附近设备 (ID: 46031)
2025-12-02 08:57:31,347 - INFO - Saved: docs/企业内部开发/客户端API/JS-SDK/iBeacon/搜索附近设备.mdx
2025-12-02 08:57:32,348 - INFO - Updating 停止搜索设备 (local: None, remote: 1732695669)
2025-12-02 08:57:32,348 - INFO - Processing document: 停止搜索设备 (ID: 46032)
2025-12-02 08:57:32,704 - INFO - Saved: docs/企业内部开发/客户端API/JS-SDK/iBeacon/停止搜索设备.mdx
2025-12-02 08:57:33,706 - INFO - Updating 获取已搜索到的设备 (local: None, remote: 1732695669)
2025-12-02 08:57:33,706 - INFO - Processing document: 获取已搜索到的设备 (ID: 46034)
2025-12-02 08:57:34,068 - INFO - Saved: docs/企业内部开发/客户端API/JS-SDK/iBeacon/获取已搜索到的设备.mdx
2025-12-02 08:57:35,069 - INFO - Updating 监听设备更新 (local: None, remote: 1732695670)
2025-12-02 08:57:35,069 - INFO - Processing document: 监听设备更新 (ID: 46035)
2025-12-02 08:57:35,424 - INFO - Saved: docs/企业内部开发/客户端API/JS-SDK/iBeacon/监听设备更新.mdx
2025-12-02 08:57:36,425 - INFO - Updating 监听设备服务状态 (local: None, remote: 1732695670)
2025-12-02 08:57:36,426 - INFO - Processing document: 监听设备服务状态 (ID: 46036)
2025-12-02 08:57:36,776 - INFO - Saved: docs/企业内部开发/客户端API/JS-SDK/iBeacon/监听设备服务状态.mdx
2025-12-02 08:57:37,777 - INFO - Updating 获取网络状态 (local: None, remote: 1732695697)
2025-12-02 08:57:37,778 - INFO - Processing document: 获取网络状态 (ID: 14922)
Traceback (most recent call last):
  File "/home/runner/work/weworkdoc/weworkdoc/wework_doc_crawler.py", line 290, in <module>
    crawler.run()
  File "/home/runner/work/weworkdoc/weworkdoc/wework_doc_crawler.py", line 283, in run
    self.crawl_tree(tree)
  File "/home/runner/work/weworkdoc/weworkdoc/wework_doc_crawler.py", line 260, in crawl_tree
    self.crawl_tree(node['children'], current_path)
  File "/home/runner/work/weworkdoc/weworkdoc/wework_doc_crawler.py", line 260, in crawl_tree
    self.crawl_tree(node['children'], current_path)
  File "/home/runner/work/weworkdoc/weworkdoc/wework_doc_crawler.py", line 260, in crawl_tree
    self.crawl_tree(node['children'], current_path)
  [Previous line repeated 1 more time]
  File "/home/runner/work/weworkdoc/weworkdoc/wework_doc_crawler.py", line 254, in crawl_tree
    raise Exception("No data found in the response")
Exception: No data found in the response
